{"numTotalTestSuites":57,"numPassedTestSuites":57,"numFailedTestSuites":0,"numPendingTestSuites":0,"numTotalTests":225,"numPassedTests":225,"numFailedTests":0,"numPendingTests":0,"numTodoTests":0,"snapshot":{"added":0,"failure":false,"filesAdded":0,"filesRemoved":0,"filesRemovedList":[],"filesUnmatched":0,"filesUpdated":0,"matched":0,"total":0,"unchecked":0,"uncheckedKeysByFile":[],"unmatched":0,"updated":0,"didUpdate":false},"startTime":1767713057095,"success":true,"testResults":[{"assertionResults":[{"ancestorTitles":["template coordinate conversion","cssPixelsToPdfPoints"],"fullName":"template coordinate conversion cssPixelsToPdfPoints converts CSS crop -> PDF points deterministically","status":"passed","title":"converts CSS crop -> PDF points deterministically","duration":0.8891000000000417,"failureMessages":[],"meta":{}},{"ancestorTitles":["template coordinate conversion","cssPixelsToPdfPoints"],"fullName":"template coordinate conversion cssPixelsToPdfPoints handles bounds offset normalization","status":"passed","title":"handles bounds offset normalization","duration":0.1896000000000413,"failureMessages":[],"meta":{}},{"ancestorTitles":["template coordinate conversion","cssPixelsToPdfPoints"],"fullName":"template coordinate conversion cssPixelsToPdfPoints handles CSS scaling correctly","status":"passed","title":"handles CSS scaling correctly","duration":0.13580000000001746,"failureMessages":[],"meta":{}},{"ancestorTitles":["template coordinate conversion","pdfPointsToCssPixels"],"fullName":"template coordinate conversion pdfPointsToCssPixels round-trips CSS -> PDF -> CSS correctly","status":"passed","title":"round-trips CSS -> PDF -> CSS correctly","duration":0.22019999999997708,"failureMessages":[],"meta":{}},{"ancestorTitles":["template coordinate conversion","validatePdfPoints"],"fullName":"template coordinate conversion validatePdfPoints accepts valid PDF points","status":"passed","title":"accepts valid PDF points","duration":0.5147999999999797,"failureMessages":[],"meta":{}},{"ancestorTitles":["template coordinate conversion","validatePdfPoints"],"fullName":"template coordinate conversion validatePdfPoints throws when crop is out of bounds (negative x)","status":"passed","title":"throws when crop is out of bounds (negative x)","duration":0.150100000000009,"failureMessages":[],"meta":{}},{"ancestorTitles":["template coordinate conversion","validatePdfPoints"],"fullName":"template coordinate conversion validatePdfPoints throws when crop is out of bounds (negative y)","status":"passed","title":"throws when crop is out of bounds (negative y)","duration":0.15840000000002874,"failureMessages":[],"meta":{}},{"ancestorTitles":["template coordinate conversion","validatePdfPoints"],"fullName":"template coordinate conversion validatePdfPoints throws when crop exceeds page width","status":"passed","title":"throws when crop exceeds page width","duration":0.14280000000002246,"failureMessages":[],"meta":{}},{"ancestorTitles":["template coordinate conversion","validatePdfPoints"],"fullName":"template coordinate conversion validatePdfPoints throws when crop exceeds page height","status":"passed","title":"throws when crop exceeds page height","duration":0.1453000000000202,"failureMessages":[],"meta":{}},{"ancestorTitles":["template coordinate conversion","validatePdfPoints"],"fullName":"template coordinate conversion validatePdfPoints throws when width is zero or negative","status":"passed","title":"throws when width is zero or negative","duration":0.13970000000000482,"failureMessages":[],"meta":{}},{"ancestorTitles":["template coordinate conversion","validatePdfPoints"],"fullName":"template coordinate conversion validatePdfPoints throws when height is zero or negative","status":"passed","title":"throws when height is zero or negative","duration":0.09899999999998954,"failureMessages":[],"meta":{}},{"ancestorTitles":["template coordinate conversion","validatePdfPoints"],"fullName":"template coordinate conversion validatePdfPoints throws when coordinates are not finite","status":"passed","title":"throws when coordinates are not finite","duration":0.09250000000002956,"failureMessages":[],"meta":{}}],"startTime":1767713057801,"endTime":1767713057804.1396,"status":"passed","message":"","name":"C:/Users/caziep/Downloads/extractor-corev1/extractor-corev1/tests/coords/templateCoordinateConversion.test.ts"},{"assertionResults":[{"ancestorTitles":["PDF Intent Policy","parsePdfIntent"],"fullName":"PDF Intent Policy parsePdfIntent should parse valid TEMPLATE_CAPTURE intent","status":"passed","title":"should parse valid TEMPLATE_CAPTURE intent","duration":0.7457000000000562,"failureMessages":[],"meta":{}},{"ancestorTitles":["PDF Intent Policy","parsePdfIntent"],"fullName":"PDF Intent Policy parsePdfIntent should parse valid SIGNED_PROCESSING intent","status":"passed","title":"should parse valid SIGNED_PROCESSING intent","duration":0.1150000000000091,"failureMessages":[],"meta":{}},{"ancestorTitles":["PDF Intent Policy","parsePdfIntent"],"fullName":"PDF Intent Policy parsePdfIntent should parse valid GENERAL_VIEW intent","status":"passed","title":"should parse valid GENERAL_VIEW intent","duration":0.06720000000001392,"failureMessages":[],"meta":{}},{"ancestorTitles":["PDF Intent Policy","parsePdfIntent"],"fullName":"PDF Intent Policy parsePdfIntent should return null for invalid intent string","status":"passed","title":"should return null for invalid intent string","duration":0.14650000000000318,"failureMessages":[],"meta":{}},{"ancestorTitles":["PDF Intent Policy","parsePdfIntent"],"fullName":"PDF Intent Policy parsePdfIntent should return null for non-string values","status":"passed","title":"should return null for non-string values","duration":0.1511000000000422,"failureMessages":[],"meta":{}},{"ancestorTitles":["PDF Intent Policy","parsePdfIntent"],"fullName":"PDF Intent Policy parsePdfIntent should return null for empty string","status":"passed","title":"should return null for empty string","duration":0.0614999999999668,"failureMessages":[],"meta":{}},{"ancestorTitles":["PDF Intent Policy","PDF_INTENTS constant"],"fullName":"PDF Intent Policy PDF_INTENTS constant should export all valid intents","status":"passed","title":"should export all valid intents","duration":0.561300000000017,"failureMessages":[],"meta":{}},{"ancestorTitles":["PDF Intent Policy","PDF_INTENTS constant"],"fullName":"PDF Intent Policy PDF_INTENTS constant should be readonly array type","status":"passed","title":"should be readonly array type","duration":0.09239999999999782,"failureMessages":[],"meta":{}},{"ancestorTitles":["PDF Intent Policy","resolvePdfIntentPolicy - TEMPLATE_CAPTURE"],"fullName":"PDF Intent Policy resolvePdfIntentPolicy - TEMPLATE_CAPTURE should resolve TEMPLATE_CAPTURE with default flags","status":"passed","title":"should resolve TEMPLATE_CAPTURE with default flags","duration":0.32450000000000045,"failureMessages":[],"meta":{}},{"ancestorTitles":["PDF Intent Policy","resolvePdfIntentPolicy - TEMPLATE_CAPTURE"],"fullName":"PDF Intent Policy resolvePdfIntentPolicy - TEMPLATE_CAPTURE should resolve TEMPLATE_CAPTURE with allowRaster=true","status":"passed","title":"should resolve TEMPLATE_CAPTURE with allowRaster=true","duration":0.16269999999997253,"failureMessages":[],"meta":{}},{"ancestorTitles":["PDF Intent Policy","resolvePdfIntentPolicy - TEMPLATE_CAPTURE"],"fullName":"PDF Intent Policy resolvePdfIntentPolicy - TEMPLATE_CAPTURE should resolve TEMPLATE_CAPTURE with allowRaster boolean true","status":"passed","title":"should resolve TEMPLATE_CAPTURE with allowRaster boolean true","duration":0.17500000000001137,"failureMessages":[],"meta":{}},{"ancestorTitles":["PDF Intent Policy","resolvePdfIntentPolicy - TEMPLATE_CAPTURE"],"fullName":"PDF Intent Policy resolvePdfIntentPolicy - TEMPLATE_CAPTURE should ignore skipNormalization for TEMPLATE_CAPTURE","status":"passed","title":"should ignore skipNormalization for TEMPLATE_CAPTURE","duration":0.0725999999999658,"failureMessages":[],"meta":{}},{"ancestorTitles":["PDF Intent Policy","resolvePdfIntentPolicy - TEMPLATE_CAPTURE"],"fullName":"PDF Intent Policy resolvePdfIntentPolicy - TEMPLATE_CAPTURE should ignore legacyDefaultSkipNormalization for TEMPLATE_CAPTURE","status":"passed","title":"should ignore legacyDefaultSkipNormalization for TEMPLATE_CAPTURE","duration":0.06200000000001182,"failureMessages":[],"meta":{}},{"ancestorTitles":["PDF Intent Policy","resolvePdfIntentPolicy - SIGNED_PROCESSING"],"fullName":"PDF Intent Policy resolvePdfIntentPolicy - SIGNED_PROCESSING should resolve SIGNED_PROCESSING with default flags (normalize=true)","status":"passed","title":"should resolve SIGNED_PROCESSING with default flags (normalize=true)","duration":0.10290000000003374,"failureMessages":[],"meta":{}},{"ancestorTitles":["PDF Intent Policy","resolvePdfIntentPolicy - SIGNED_PROCESSING"],"fullName":"PDF Intent Policy resolvePdfIntentPolicy - SIGNED_PROCESSING should resolve SIGNED_PROCESSING with skipNormalization=true","status":"passed","title":"should resolve SIGNED_PROCESSING with skipNormalization=true","duration":0.09420000000000073,"failureMessages":[],"meta":{}},{"ancestorTitles":["PDF Intent Policy","resolvePdfIntentPolicy - SIGNED_PROCESSING"],"fullName":"PDF Intent Policy resolvePdfIntentPolicy - SIGNED_PROCESSING should resolve SIGNED_PROCESSING with skipNormalization boolean true","status":"passed","title":"should resolve SIGNED_PROCESSING with skipNormalization boolean true","duration":0.0513000000000261,"failureMessages":[],"meta":{}},{"ancestorTitles":["PDF Intent Policy","resolvePdfIntentPolicy - SIGNED_PROCESSING"],"fullName":"PDF Intent Policy resolvePdfIntentPolicy - SIGNED_PROCESSING should always allow raster for SIGNED_PROCESSING","status":"passed","title":"should always allow raster for SIGNED_PROCESSING","duration":0.07349999999996726,"failureMessages":[],"meta":{}},{"ancestorTitles":["PDF Intent Policy","resolvePdfIntentPolicy - GENERAL_VIEW"],"fullName":"PDF Intent Policy resolvePdfIntentPolicy - GENERAL_VIEW should resolve GENERAL_VIEW with default flags (uses legacyDefaultSkipNormalization)","status":"passed","title":"should resolve GENERAL_VIEW with default flags (uses legacyDefaultSkipNormalization)","duration":0.0968000000000302,"failureMessages":[],"meta":{}},{"ancestorTitles":["PDF Intent Policy","resolvePdfIntentPolicy - GENERAL_VIEW"],"fullName":"PDF Intent Policy resolvePdfIntentPolicy - GENERAL_VIEW should resolve GENERAL_VIEW with legacyDefaultSkipNormalization=true","status":"passed","title":"should resolve GENERAL_VIEW with legacyDefaultSkipNormalization=true","duration":0.04959999999999809,"failureMessages":[],"meta":{}},{"ancestorTitles":["PDF Intent Policy","resolvePdfIntentPolicy - GENERAL_VIEW"],"fullName":"PDF Intent Policy resolvePdfIntentPolicy - GENERAL_VIEW should resolve GENERAL_VIEW with explicit skipNormalization","status":"passed","title":"should resolve GENERAL_VIEW with explicit skipNormalization","duration":0.05119999999999436,"failureMessages":[],"meta":{}},{"ancestorTitles":["PDF Intent Policy","resolvePdfIntentPolicy - GENERAL_VIEW"],"fullName":"PDF Intent Policy resolvePdfIntentPolicy - GENERAL_VIEW should resolve GENERAL_VIEW with allowRaster=true","status":"passed","title":"should resolve GENERAL_VIEW with allowRaster=true","duration":0.07380000000000564,"failureMessages":[],"meta":{}},{"ancestorTitles":["PDF Intent Policy","resolvePdfIntentPolicy - Legacy mode (no intent)"],"fullName":"PDF Intent Policy resolvePdfIntentPolicy - Legacy mode (no intent) should resolve legacy mode with default skipNormalization=false","status":"passed","title":"should resolve legacy mode with default skipNormalization=false","duration":0.16280000000000427,"failureMessages":[],"meta":{}},{"ancestorTitles":["PDF Intent Policy","resolvePdfIntentPolicy - Legacy mode (no intent)"],"fullName":"PDF Intent Policy resolvePdfIntentPolicy - Legacy mode (no intent) should resolve legacy mode with default skipNormalization=true","status":"passed","title":"should resolve legacy mode with default skipNormalization=true","duration":0.09969999999998436,"failureMessages":[],"meta":{}},{"ancestorTitles":["PDF Intent Policy","resolvePdfIntentPolicy - Legacy mode (no intent)"],"fullName":"PDF Intent Policy resolvePdfIntentPolicy - Legacy mode (no intent) should resolve legacy mode with explicit skipNormalization","status":"passed","title":"should resolve legacy mode with explicit skipNormalization","duration":0.06929999999999836,"failureMessages":[],"meta":{}},{"ancestorTitles":["PDF Intent Policy","resolvePdfIntentPolicy - Legacy mode (no intent)"],"fullName":"PDF Intent Policy resolvePdfIntentPolicy - Legacy mode (no intent) should resolve legacy mode with invalid intent string","status":"passed","title":"should resolve legacy mode with invalid intent string","duration":0.054300000000012005,"failureMessages":[],"meta":{}},{"ancestorTitles":["PDF Intent Policy","resolvePdfIntentPolicy - Legacy mode (no intent)"],"fullName":"PDF Intent Policy resolvePdfIntentPolicy - Legacy mode (no intent) should resolve legacy mode with undefined intent","status":"passed","title":"should resolve legacy mode with undefined intent","duration":0.04759999999998854,"failureMessages":[],"meta":{}},{"ancestorTitles":["PDF Intent Policy","resolvePdfIntentPolicy - Boolean flag parsing"],"fullName":"PDF Intent Policy resolvePdfIntentPolicy - Boolean flag parsing should parse allowRaster as string 'true'","status":"passed","title":"should parse allowRaster as string 'true'","duration":0.05750000000000455,"failureMessages":[],"meta":{}},{"ancestorTitles":["PDF Intent Policy","resolvePdfIntentPolicy - Boolean flag parsing"],"fullName":"PDF Intent Policy resolvePdfIntentPolicy - Boolean flag parsing should parse allowRaster as string 'false'","status":"passed","title":"should parse allowRaster as string 'false'","duration":0.05060000000003129,"failureMessages":[],"meta":{}},{"ancestorTitles":["PDF Intent Policy","resolvePdfIntentPolicy - Boolean flag parsing"],"fullName":"PDF Intent Policy resolvePdfIntentPolicy - Boolean flag parsing should parse allowRaster as boolean true","status":"passed","title":"should parse allowRaster as boolean true","duration":0.043200000000013006,"failureMessages":[],"meta":{}},{"ancestorTitles":["PDF Intent Policy","resolvePdfIntentPolicy - Boolean flag parsing"],"fullName":"PDF Intent Policy resolvePdfIntentPolicy - Boolean flag parsing should parse allowRaster as boolean false","status":"passed","title":"should parse allowRaster as boolean false","duration":0.041299999999978354,"failureMessages":[],"meta":{}},{"ancestorTitles":["PDF Intent Policy","resolvePdfIntentPolicy - Boolean flag parsing"],"fullName":"PDF Intent Policy resolvePdfIntentPolicy - Boolean flag parsing should treat undefined allowRaster as false","status":"passed","title":"should treat undefined allowRaster as false","duration":0.036000000000001364,"failureMessages":[],"meta":{}},{"ancestorTitles":["PDF Intent Policy","resolvePdfIntentPolicy - Boolean flag parsing"],"fullName":"PDF Intent Policy resolvePdfIntentPolicy - Boolean flag parsing should parse skipNormalization as string 'true'","status":"passed","title":"should parse skipNormalization as string 'true'","duration":0.10900000000003729,"failureMessages":[],"meta":{}},{"ancestorTitles":["PDF Intent Policy","resolvePdfIntentPolicy - Boolean flag parsing"],"fullName":"PDF Intent Policy resolvePdfIntentPolicy - Boolean flag parsing should parse skipNormalization as string 'false'","status":"passed","title":"should parse skipNormalization as string 'false'","duration":0.0807999999999538,"failureMessages":[],"meta":{}},{"ancestorTitles":["PDF Intent Policy","resolvePdfIntentPolicy - Boolean flag parsing"],"fullName":"PDF Intent Policy resolvePdfIntentPolicy - Boolean flag parsing should parse skipNormalization as boolean","status":"passed","title":"should parse skipNormalization as boolean","duration":0.061199999999985266,"failureMessages":[],"meta":{}},{"ancestorTitles":["PDF Intent Policy","resolvePdfIntentPolicy - Edge cases"],"fullName":"PDF Intent Policy resolvePdfIntentPolicy - Edge cases should handle empty string intent as legacy","status":"passed","title":"should handle empty string intent as legacy","duration":0.059399999999982356,"failureMessages":[],"meta":{}},{"ancestorTitles":["PDF Intent Policy","resolvePdfIntentPolicy - Edge cases"],"fullName":"PDF Intent Policy resolvePdfIntentPolicy - Edge cases should handle case-sensitive intent matching","status":"passed","title":"should handle case-sensitive intent matching","duration":0.11419999999998254,"failureMessages":[],"meta":{}},{"ancestorTitles":["PDF Intent Policy","resolvePdfIntentPolicy - Edge cases"],"fullName":"PDF Intent Policy resolvePdfIntentPolicy - Edge cases should handle whitespace in intent string","status":"passed","title":"should handle whitespace in intent string","duration":0.077699999999993,"failureMessages":[],"meta":{}},{"ancestorTitles":["PDF Intent Policy","resolvePdfIntentPolicy - Edge cases"],"fullName":"PDF Intent Policy resolvePdfIntentPolicy - Edge cases should handle numeric allowRaster as false","status":"passed","title":"should handle numeric allowRaster as false","duration":0.04929999999995971,"failureMessages":[],"meta":{}},{"ancestorTitles":["PDF Intent Policy","resolvePdfIntentPolicy - Edge cases"],"fullName":"PDF Intent Policy resolvePdfIntentPolicy - Edge cases should handle numeric skipNormalization as false","status":"passed","title":"should handle numeric skipNormalization as false","duration":0.039299999999968804,"failureMessages":[],"meta":{}},{"ancestorTitles":["PDF Intent Policy","resolvePdfIntentPolicy - Policy structure"],"fullName":"PDF Intent Policy resolvePdfIntentPolicy - Policy structure should always return all required policy fields","status":"passed","title":"should always return all required policy fields","duration":0.19029999999997926,"failureMessages":[],"meta":{}},{"ancestorTitles":["PDF Intent Policy","resolvePdfIntentPolicy - Policy structure"],"fullName":"PDF Intent Policy resolvePdfIntentPolicy - Policy structure should have consistent normalize/skipNormalization relationship","status":"passed","title":"should have consistent normalize/skipNormalization relationship","duration":0.13400000000001455,"failureMessages":[],"meta":{}},{"ancestorTitles":["PDF Intent Policy","resolvePdfIntentPolicy - Policy structure"],"fullName":"PDF Intent Policy resolvePdfIntentPolicy - Policy structure should have consistent shouldBlockRaster logic for TEMPLATE_CAPTURE","status":"passed","title":"should have consistent shouldBlockRaster logic for TEMPLATE_CAPTURE","duration":0.06100000000003547,"failureMessages":[],"meta":{}},{"ancestorTitles":["PDF Intent Policy","resolvePdfIntentPolicy - Policy structure"],"fullName":"PDF Intent Policy resolvePdfIntentPolicy - Policy structure should never block raster for SIGNED_PROCESSING or GENERAL_VIEW","status":"passed","title":"should never block raster for SIGNED_PROCESSING or GENERAL_VIEW","duration":0.07400000000001228,"failureMessages":[],"meta":{}}],"startTime":1767713057778,"endTime":1767713057784.1902,"status":"passed","message":"","name":"C:/Users/caziep/Downloads/extractor-corev1/extractor-corev1/tests/pdf/intent.test.ts"},{"assertionResults":[{"ancestorTitles":["Gmail label state machine"],"fullName":"Gmail label state machine removes queue label and adds processed label on success","status":"passed","title":"removes queue label and adds processed label on success","duration":70.63979999999998,"failureMessages":[],"meta":{}},{"ancestorTitles":["Gmail label state machine"],"fullName":"Gmail label state machine does not remove queue label on processing failure","status":"passed","title":"does not remove queue label on processing failure","duration":0.46910000000002583,"failureMessages":[],"meta":{}},{"ancestorTitles":["Gmail label state machine"],"fullName":"Gmail label state machine skips label operations when workspace label IDs are missing","status":"passed","title":"skips label operations when workspace label IDs are missing","duration":0.33440000000001646,"failureMessages":[],"meta":{}},{"ancestorTitles":["Gmail label state machine"],"fullName":"Gmail label state machine handles label operation failures gracefully (does not fail request)","status":"passed","title":"handles label operation failures gracefully (does not fail request)","duration":0.46530000000001337,"failureMessages":[],"meta":{}},{"ancestorTitles":["Gmail label state machine"],"fullName":"Gmail label state machine is idempotent - repeated label operations do not cause issues","status":"passed","title":"is idempotent - repeated label operations do not cause issues","duration":0.4948999999999728,"failureMessages":[],"meta":{}}],"startTime":1767713057754,"endTime":1767713057826.4949,"status":"passed","message":"","name":"C:/Users/caziep/Downloads/extractor-corev1/extractor-corev1/tests/gmail/labelStateMachine.test.ts"},{"assertionResults":[{"ancestorTitles":["workspace resolution order"],"fullName":"workspace resolution order returns null when user is not authenticated","status":"passed","title":"returns null when user is not authenticated","duration":126.4581,"failureMessages":[],"meta":{}},{"ancestorTitles":["workspace resolution order"],"fullName":"workspace resolution order prefers cookie spreadsheetId over Users sheet when cookie exists","status":"passed","title":"prefers cookie spreadsheetId over Users sheet when cookie exists","duration":1.4687999999999874,"failureMessages":[],"meta":{}},{"ancestorTitles":["workspace resolution order"],"fullName":"workspace resolution order falls back to Users sheet when cookie is missing","status":"passed","title":"falls back to Users sheet when cookie is missing","duration":0.5849000000000046,"failureMessages":[],"meta":{}},{"ancestorTitles":["workspace resolution order"],"fullName":"workspace resolution order returns null (not undefined) when neither cookie nor Users sheet exists","status":"passed","title":"returns null (not undefined) when neither cookie nor Users sheet exists","duration":0.9886999999999944,"failureMessages":[],"meta":{}},{"ancestorTitles":["workspace resolution order"],"fullName":"workspace resolution order returns null when Users sheet exists but onboarding not completed","status":"passed","title":"returns null when Users sheet exists but onboarding not completed","duration":0.3015999999999508,"failureMessages":[],"meta":{}}],"startTime":1767713057754,"endTime":1767713057883.3015,"status":"passed","message":"","name":"C:/Users/caziep/Downloads/extractor-corev1/extractor-corev1/tests/workspace/getWorkspace.test.ts"},{"assertionResults":[{"ancestorTitles":["processSignedPdfUnified","Input validation"],"fullName":"processSignedPdfUnified Input validation should throw if pdfBytes is empty","status":"passed","title":"should throw if pdfBytes is empty","duration":1.9726,"failureMessages":[],"meta":{}},{"ancestorTitles":["processSignedPdfUnified","Input validation"],"fullName":"processSignedPdfUnified Input validation should throw if fmKey is missing","status":"passed","title":"should throw if fmKey is missing","duration":0.2909999999999968,"failureMessages":[],"meta":{}},{"ancestorTitles":["processSignedPdfUnified","Input validation"],"fullName":"processSignedPdfUnified Input validation should throw if spreadsheetId is missing","status":"passed","title":"should throw if spreadsheetId is missing","duration":0.190400000000011,"failureMessages":[],"meta":{}},{"ancestorTitles":["processSignedPdfUnified","Input validation"],"fullName":"processSignedPdfUnified Input validation should throw if accessToken is missing","status":"passed","title":"should throw if accessToken is missing","duration":0.2008000000000152,"failureMessages":[],"meta":{}},{"ancestorTitles":["processSignedPdfUnified","Input validation"],"fullName":"processSignedPdfUnified Input validation should throw if page is less than 1","status":"passed","title":"should throw if page is less than 1","duration":0.22550000000001091,"failureMessages":[],"meta":{}},{"ancestorTitles":["processSignedPdfUnified","Input validation"],"fullName":"processSignedPdfUnified Input validation should accept Uint8Array as pdfBytes","status":"passed","title":"should accept Uint8Array as pdfBytes","duration":1.982500000000016,"failureMessages":[],"meta":{}},{"ancestorTitles":["processSignedPdfUnified","Template loading"],"fullName":"processSignedPdfUnified Template loading should load template config for fmKey","status":"passed","title":"should load template config for fmKey","duration":1.0815000000000055,"failureMessages":[],"meta":{}},{"ancestorTitles":["processSignedPdfUnified","Template loading"],"fullName":"processSignedPdfUnified Template loading should throw if template is not configured","status":"passed","title":"should throw if template is not configured","duration":0.3853000000000293,"failureMessages":[],"meta":{}},{"ancestorTitles":["processSignedPdfUnified","Template loading"],"fullName":"processSignedPdfUnified Template loading should throw if template is missing PDF points","status":"passed","title":"should throw if template is missing PDF points","duration":0.35269999999997026,"failureMessages":[],"meta":{}},{"ancestorTitles":["processSignedPdfUnified","OCR service integration"],"fullName":"processSignedPdfUnified OCR service integration should call OCR service with correct parameters","status":"passed","title":"should call OCR service with correct parameters","duration":1.250099999999975,"failureMessages":[],"meta":{}},{"ancestorTitles":["processSignedPdfUnified","Decision logic"],"fullName":"processSignedPdfUnified Decision logic should set needsReview=false for high confidence with work order number that exists in Sheet1","status":"passed","title":"should set needsReview=false for high confidence with work order number that exists in Sheet1","duration":0.8810000000000286,"failureMessages":[],"meta":{}},{"ancestorTitles":["processSignedPdfUnified","Decision logic"],"fullName":"processSignedPdfUnified Decision logic should set needsReview=false for medium confidence with work order number that exists in Work_Orders","status":"passed","title":"should set needsReview=false for medium confidence with work order number that exists in Work_Orders","duration":0.3691000000000031,"failureMessages":[],"meta":{}},{"ancestorTitles":["processSignedPdfUnified","Decision logic"],"fullName":"processSignedPdfUnified Decision logic should set needsReview=true for low confidence and not upload PDF","status":"passed","title":"should set needsReview=true for low confidence and not upload PDF","duration":0.5885000000000105,"failureMessages":[],"meta":{}},{"ancestorTitles":["processSignedPdfUnified","Decision logic"],"fullName":"processSignedPdfUnified Decision logic should set needsReview=true when no work order number extracted and not upload PDF","status":"passed","title":"should set needsReview=true when no work order number extracted and not upload PDF","duration":0.48399999999998045,"failureMessages":[],"meta":{}},{"ancestorTitles":["processSignedPdfUnified","Decision logic"],"fullName":"processSignedPdfUnified Decision logic should override work order number but set needsReview=true if work order doesn't exist","status":"passed","title":"should override work order number but set needsReview=true if work order doesn't exist","duration":0.45999999999997954,"failureMessages":[],"meta":{}},{"ancestorTitles":["processSignedPdfUnified","Decision logic"],"fullName":"processSignedPdfUnified Decision logic should set needsReview=true when work order doesn't exist in Sheet1 or Work_Orders","status":"passed","title":"should set needsReview=true when work order doesn't exist in Sheet1 or Work_Orders","duration":0.407100000000014,"failureMessages":[],"meta":{}},{"ancestorTitles":["processSignedPdfUnified","Sheets writing"],"fullName":"processSignedPdfUnified Sheets writing should write to Needs Review sheet when needsReview=true and not upload PDF","status":"passed","title":"should write to Needs Review sheet when needsReview=true and not upload PDF","duration":1.3634999999999877,"failureMessages":[],"meta":{}},{"ancestorTitles":["processSignedPdfUnified","Sheets writing"],"fullName":"processSignedPdfUnified Sheets writing should write to Work Orders sheet when needsReview=false and work order exists","status":"passed","title":"should write to Work Orders sheet when needsReview=false and work order exists","duration":0.6021999999999821,"failureMessages":[],"meta":{}},{"ancestorTitles":["processSignedPdfUnified","Sheets writing"],"fullName":"processSignedPdfUnified Sheets writing should update Sheet1 when work order exists in Sheet1","status":"passed","title":"should update Sheet1 when work order exists in Sheet1","duration":0.37189999999998236,"failureMessages":[],"meta":{}},{"ancestorTitles":["processSignedPdfUnified","Drive upload"],"fullName":"processSignedPdfUnified Drive upload should upload PDF to Drive only when work order exists","status":"passed","title":"should upload PDF to Drive only when work order exists","duration":0.5955999999999904,"failureMessages":[],"meta":{}},{"ancestorTitles":["processSignedPdfUnified","Drive upload"],"fullName":"processSignedPdfUnified Drive upload should NOT upload PDF to Drive when work order doesn't exist","status":"passed","title":"should NOT upload PDF to Drive when work order doesn't exist","duration":0.4168000000000234,"failureMessages":[],"meta":{}},{"ancestorTitles":["processSignedPdfUnified","Drive upload"],"fullName":"processSignedPdfUnified Drive upload should upload snippet image if available and work order exists","status":"passed","title":"should upload snippet image if available and work order exists","duration":1.4197000000000344,"failureMessages":[],"meta":{}},{"ancestorTitles":["processSignedPdfUnified","Drive upload"],"fullName":"processSignedPdfUnified Drive upload should handle snippet upload failure gracefully when work order exists","status":"passed","title":"should handle snippet upload failure gracefully when work order exists","duration":2.976600000000019,"failureMessages":[],"meta":{}},{"ancestorTitles":["processSignedPdfUnified","Result format"],"fullName":"processSignedPdfUnified Result format should return correct result structure when work order exists","status":"passed","title":"should return correct result structure when work order exists","duration":1.2053000000000225,"failureMessages":[],"meta":{}},{"ancestorTitles":["processSignedPdfUnified","Gmail source metadata"],"fullName":"processSignedPdfUnified Gmail source metadata should include Gmail metadata in Needs Review record and not upload PDF","status":"passed","title":"should include Gmail metadata in Needs Review record and not upload PDF","duration":0.7081000000000017,"failureMessages":[],"meta":{}}],"startTime":1767713057899,"endTime":1767713057920.708,"status":"passed","message":"","name":"C:/Users/caziep/Downloads/extractor-corev1/extractor-corev1/tests/signed/processor.test.ts"},{"assertionResults":[{"ancestorTitles":["signed processing preconditions","assertPointsCrop"],"fullName":"signed processing preconditions assertPointsCrop passes when all required fields are present and valid","status":"passed","title":"passes when all required fields are present and valid","duration":1.5108999999999924,"failureMessages":[],"meta":{}},{"ancestorTitles":["signed processing preconditions","assertPointsCrop"],"fullName":"signed processing preconditions assertPointsCrop throws when points object is missing","status":"passed","title":"throws when points object is missing","duration":0.27490000000000236,"failureMessages":[],"meta":{}},{"ancestorTitles":["signed processing preconditions","assertPointsCrop"],"fullName":"signed processing preconditions assertPointsCrop throws when xPt is missing","status":"passed","title":"throws when xPt is missing","duration":0.17430000000001655,"failureMessages":[],"meta":{}},{"ancestorTitles":["signed processing preconditions","assertPointsCrop"],"fullName":"signed processing preconditions assertPointsCrop throws when yPt is missing","status":"passed","title":"throws when yPt is missing","duration":0.21629999999998972,"failureMessages":[],"meta":{}},{"ancestorTitles":["signed processing preconditions","assertPointsCrop"],"fullName":"signed processing preconditions assertPointsCrop throws when wPt is missing","status":"passed","title":"throws when wPt is missing","duration":0.21069999999997435,"failureMessages":[],"meta":{}},{"ancestorTitles":["signed processing preconditions","assertPointsCrop"],"fullName":"signed processing preconditions assertPointsCrop throws when hPt is missing","status":"passed","title":"throws when hPt is missing","duration":0.17720000000002756,"failureMessages":[],"meta":{}},{"ancestorTitles":["signed processing preconditions","assertPointsCrop"],"fullName":"signed processing preconditions assertPointsCrop throws when pageWidthPt is missing","status":"passed","title":"throws when pageWidthPt is missing","duration":0.18770000000000664,"failureMessages":[],"meta":{}},{"ancestorTitles":["signed processing preconditions","assertPointsCrop"],"fullName":"signed processing preconditions assertPointsCrop throws when pageHeightPt is missing","status":"passed","title":"throws when pageHeightPt is missing","duration":0.21729999999996608,"failureMessages":[],"meta":{}},{"ancestorTitles":["signed processing preconditions","assertPointsCrop"],"fullName":"signed processing preconditions assertPointsCrop throws when page is missing","status":"passed","title":"throws when page is missing","duration":0.27080000000000837,"failureMessages":[],"meta":{}},{"ancestorTitles":["signed processing preconditions","assertPointsCrop"],"fullName":"signed processing preconditions assertPointsCrop throws when wPt is zero or negative","status":"passed","title":"throws when wPt is zero or negative","duration":0.23329999999998563,"failureMessages":[],"meta":{}},{"ancestorTitles":["signed processing preconditions","assertPointsCrop"],"fullName":"signed processing preconditions assertPointsCrop throws when hPt is zero or negative","status":"passed","title":"throws when hPt is zero or negative","duration":0.17280000000005202,"failureMessages":[],"meta":{}},{"ancestorTitles":["signed processing preconditions","assertPointsCrop"],"fullName":"signed processing preconditions assertPointsCrop throws when pageWidthPt is zero or negative","status":"passed","title":"throws when pageWidthPt is zero or negative","duration":0.15109999999998536,"failureMessages":[],"meta":{}},{"ancestorTitles":["signed processing preconditions","assertPointsCrop"],"fullName":"signed processing preconditions assertPointsCrop throws when pageHeightPt is zero or negative","status":"passed","title":"throws when pageHeightPt is zero or negative","duration":0.15449999999998454,"failureMessages":[],"meta":{}},{"ancestorTitles":["signed processing preconditions","assertPointsCrop"],"fullName":"signed processing preconditions assertPointsCrop throws when page is less than 1","status":"passed","title":"throws when page is less than 1","duration":0.16390000000001237,"failureMessages":[],"meta":{}},{"ancestorTitles":["signed processing preconditions","assertPointsCrop"],"fullName":"signed processing preconditions assertPointsCrop throws when any value is not finite","status":"passed","title":"throws when any value is not finite","duration":0.15750000000002728,"failureMessages":[],"meta":{}},{"ancestorTitles":["signed processing preconditions","assertPointsCrop"],"fullName":"signed processing preconditions assertPointsCrop throws when any value is NaN","status":"passed","title":"throws when any value is NaN","duration":0.13900000000001,"failureMessages":[],"meta":{}}],"startTime":1767713057778,"endTime":1767713057783.1575,"status":"passed","message":"","name":"C:/Users/caziep/Downloads/extractor-corev1/extractor-corev1/tests/signed/signedPreconditions.test.ts"},{"assertionResults":[{"ancestorTitles":["Filename Validation (Signed/Scan Detection)","Should detect signed PDFs"],"fullName":"Filename Validation (Signed/Scan Detection) Should detect signed PDFs should detect 'signed' in filename","status":"passed","title":"should detect 'signed' in filename","duration":0.8205000000000382,"failureMessages":[],"meta":{}},{"ancestorTitles":["Filename Validation (Signed/Scan Detection)","Should detect signed PDFs"],"fullName":"Filename Validation (Signed/Scan Detection) Should detect signed PDFs should detect 'signoff' in filename","status":"passed","title":"should detect 'signoff' in filename","duration":0.12319999999999709,"failureMessages":[],"meta":{}},{"ancestorTitles":["Filename Validation (Signed/Scan Detection)","Should detect signed PDFs"],"fullName":"Filename Validation (Signed/Scan Detection) Should detect signed PDFs should detect 'sign' in filename","status":"passed","title":"should detect 'sign' in filename","duration":0.08809999999994034,"failureMessages":[],"meta":{}},{"ancestorTitles":["Filename Validation (Signed/Scan Detection)","Should detect signed PDFs"],"fullName":"Filename Validation (Signed/Scan Detection) Should detect signed PDFs should detect 'signature' in filename","status":"passed","title":"should detect 'signature' in filename","duration":0.10020000000008622,"failureMessages":[],"meta":{}},{"ancestorTitles":["Filename Validation (Signed/Scan Detection)","Should detect signed PDFs"],"fullName":"Filename Validation (Signed/Scan Detection) Should detect signed PDFs should detect 'completed' in filename","status":"passed","title":"should detect 'completed' in filename","duration":0.10439999999994143,"failureMessages":[],"meta":{}},{"ancestorTitles":["Filename Validation (Signed/Scan Detection)","Should detect signed PDFs"],"fullName":"Filename Validation (Signed/Scan Detection) Should detect signed PDFs should detect 'final' in filename","status":"passed","title":"should detect 'final' in filename","duration":0.07410000000004402,"failureMessages":[],"meta":{}},{"ancestorTitles":["Filename Validation (Signed/Scan Detection)","Should detect signed PDFs"],"fullName":"Filename Validation (Signed/Scan Detection) Should detect signed PDFs should detect 'executed' in filename","status":"passed","title":"should detect 'executed' in filename","duration":0.07399999999984175,"failureMessages":[],"meta":{}},{"ancestorTitles":["Filename Validation (Signed/Scan Detection)","Should detect signed PDFs"],"fullName":"Filename Validation (Signed/Scan Detection) Should detect signed PDFs should detect 'proof' in filename","status":"passed","title":"should detect 'proof' in filename","duration":0.08549999999991087,"failureMessages":[],"meta":{}},{"ancestorTitles":["Filename Validation (Signed/Scan Detection)","Should detect signed PDFs"],"fullName":"Filename Validation (Signed/Scan Detection) Should detect signed PDFs should detect 'kent' in filename (test files)","status":"passed","title":"should detect 'kent' in filename (test files)","duration":0.07480000000009568,"failureMessages":[],"meta":{}},{"ancestorTitles":["Filename Validation (Signed/Scan Detection)","Should detect scan/photo PDFs"],"fullName":"Filename Validation (Signed/Scan Detection) Should detect scan/photo PDFs should detect 'scan' in filename","status":"passed","title":"should detect 'scan' in filename","duration":0.143100000000004,"failureMessages":[],"meta":{}},{"ancestorTitles":["Filename Validation (Signed/Scan Detection)","Should detect scan/photo PDFs"],"fullName":"Filename Validation (Signed/Scan Detection) Should detect scan/photo PDFs should detect 'scanned' in filename","status":"passed","title":"should detect 'scanned' in filename","duration":0.09169999999994616,"failureMessages":[],"meta":{}},{"ancestorTitles":["Filename Validation (Signed/Scan Detection)","Should detect scan/photo PDFs"],"fullName":"Filename Validation (Signed/Scan Detection) Should detect scan/photo PDFs should detect 'phone' in filename","status":"passed","title":"should detect 'phone' in filename","duration":0.06379999999990105,"failureMessages":[],"meta":{}},{"ancestorTitles":["Filename Validation (Signed/Scan Detection)","Should detect scan/photo PDFs"],"fullName":"Filename Validation (Signed/Scan Detection) Should detect scan/photo PDFs should detect 'mobile' in filename","status":"passed","title":"should detect 'mobile' in filename","duration":0.06310000000007676,"failureMessages":[],"meta":{}},{"ancestorTitles":["Filename Validation (Signed/Scan Detection)","Should detect scan/photo PDFs"],"fullName":"Filename Validation (Signed/Scan Detection) Should detect scan/photo PDFs should detect 'camera' in filename","status":"passed","title":"should detect 'camera' in filename","duration":0.0521000000001095,"failureMessages":[],"meta":{}},{"ancestorTitles":["Filename Validation (Signed/Scan Detection)","Should detect scan/photo PDFs"],"fullName":"Filename Validation (Signed/Scan Detection) Should detect scan/photo PDFs should detect 'photo' in filename","status":"passed","title":"should detect 'photo' in filename","duration":0.05529999999998836,"failureMessages":[],"meta":{}},{"ancestorTitles":["Filename Validation (Signed/Scan Detection)","Should detect scan/photo PDFs"],"fullName":"Filename Validation (Signed/Scan Detection) Should detect scan/photo PDFs should detect 'image' in filename","status":"passed","title":"should detect 'image' in filename","duration":0.06700000000000728,"failureMessages":[],"meta":{}},{"ancestorTitles":["Filename Validation (Signed/Scan Detection)","Should detect scan/photo PDFs"],"fullName":"Filename Validation (Signed/Scan Detection) Should detect scan/photo PDFs should detect 'picture' in filename","status":"passed","title":"should detect 'picture' in filename","duration":0.049999999999954525,"failureMessages":[],"meta":{}},{"ancestorTitles":["Filename Validation (Signed/Scan Detection)","Should detect scan/photo PDFs"],"fullName":"Filename Validation (Signed/Scan Detection) Should detect scan/photo PDFs should detect 'screenshot' in filename","status":"passed","title":"should detect 'screenshot' in filename","duration":0.04849999999987631,"failureMessages":[],"meta":{}},{"ancestorTitles":["Filename Validation (Signed/Scan Detection)","Should detect scan/photo PDFs"],"fullName":"Filename Validation (Signed/Scan Detection) Should detect scan/photo PDFs should detect 'capture' in filename","status":"passed","title":"should detect 'capture' in filename","duration":0.06690000000003238,"failureMessages":[],"meta":{}},{"ancestorTitles":["Filename Validation (Signed/Scan Detection)","Should detect scan/photo PDFs"],"fullName":"Filename Validation (Signed/Scan Detection) Should detect scan/photo PDFs should detect 'img_' prefix","status":"passed","title":"should detect 'img_' prefix","duration":0.0787000000000262,"failureMessages":[],"meta":{}},{"ancestorTitles":["Filename Validation (Signed/Scan Detection)","Should detect scan/photo PDFs"],"fullName":"Filename Validation (Signed/Scan Detection) Should detect scan/photo PDFs should detect 'dsc' prefix (camera naming)","status":"passed","title":"should detect 'dsc' prefix (camera naming)","duration":0.09050000000002001,"failureMessages":[],"meta":{}},{"ancestorTitles":["Filename Validation (Signed/Scan Detection)","Should detect scan/photo PDFs"],"fullName":"Filename Validation (Signed/Scan Detection) Should detect scan/photo PDFs should detect 'pict' prefix","status":"passed","title":"should detect 'pict' prefix","duration":0.08960000000001855,"failureMessages":[],"meta":{}},{"ancestorTitles":["Filename Validation (Signed/Scan Detection)","Filename normalization"],"fullName":"Filename Validation (Signed/Scan Detection) Filename normalization should normalize spaces to underscores","status":"passed","title":"should normalize spaces to underscores","duration":0.0865000000001146,"failureMessages":[],"meta":{}},{"ancestorTitles":["Filename Validation (Signed/Scan Detection)","Filename normalization"],"fullName":"Filename Validation (Signed/Scan Detection) Filename normalization should normalize to lowercase","status":"passed","title":"should normalize to lowercase","duration":0.07889999999997599,"failureMessages":[],"meta":{}},{"ancestorTitles":["Filename Validation (Signed/Scan Detection)","Filename normalization"],"fullName":"Filename Validation (Signed/Scan Detection) Filename normalization should remove special characters","status":"passed","title":"should remove special characters","duration":0.09169999999994616,"failureMessages":[],"meta":{}},{"ancestorTitles":["Filename Validation (Signed/Scan Detection)","Filename normalization"],"fullName":"Filename Validation (Signed/Scan Detection) Filename normalization should handle mixed case and special chars","status":"passed","title":"should handle mixed case and special chars","duration":0.07439999999996871,"failureMessages":[],"meta":{}},{"ancestorTitles":["Filename Validation (Signed/Scan Detection)","Should accept clean filenames"],"fullName":"Filename Validation (Signed/Scan Detection) Should accept clean filenames should accept standard work order filenames","status":"passed","title":"should accept standard work order filenames","duration":0.11149999999997817,"failureMessages":[],"meta":{}},{"ancestorTitles":["Filename Validation (Signed/Scan Detection)","Should accept clean filenames"],"fullName":"Filename Validation (Signed/Scan Detection) Should accept clean filenames should accept facility management system filenames","status":"passed","title":"should accept facility management system filenames","duration":0.10040000000003602,"failureMessages":[],"meta":{}},{"ancestorTitles":["Filename Validation (Signed/Scan Detection)","Should accept clean filenames"],"fullName":"Filename Validation (Signed/Scan Detection) Should accept clean filenames should accept generic PDF filenames","status":"passed","title":"should accept generic PDF filenames","duration":0.09249999999997272,"failureMessages":[],"meta":{}},{"ancestorTitles":["Filename Validation (Signed/Scan Detection)","Should accept clean filenames"],"fullName":"Filename Validation (Signed/Scan Detection) Should accept clean filenames should accept filenames with numbers only","status":"passed","title":"should accept filenames with numbers only","duration":0.0705000000000382,"failureMessages":[],"meta":{}},{"ancestorTitles":["Filename Validation (Signed/Scan Detection)","Edge cases"],"fullName":"Filename Validation (Signed/Scan Detection) Edge cases should handle empty filename","status":"passed","title":"should handle empty filename","duration":0.07179999999993925,"failureMessages":[],"meta":{}},{"ancestorTitles":["Filename Validation (Signed/Scan Detection)","Edge cases"],"fullName":"Filename Validation (Signed/Scan Detection) Edge cases should handle filename with only extension","status":"passed","title":"should handle filename with only extension","duration":0.05880000000001928,"failureMessages":[],"meta":{}},{"ancestorTitles":["Filename Validation (Signed/Scan Detection)","Edge cases"],"fullName":"Filename Validation (Signed/Scan Detection) Edge cases should handle very long filenames","status":"passed","title":"should handle very long filenames","duration":0.05880000000001928,"failureMessages":[],"meta":{}},{"ancestorTitles":["Filename Validation (Signed/Scan Detection)","Edge cases"],"fullName":"Filename Validation (Signed/Scan Detection) Edge cases should handle multiple indicators (should still detect)","status":"passed","title":"should handle multiple indicators (should still detect)","duration":0.04670000000010077,"failureMessages":[],"meta":{}},{"ancestorTitles":["Filename Validation (Signed/Scan Detection)","Edge cases"],"fullName":"Filename Validation (Signed/Scan Detection) Edge cases should handle partial matches correctly","status":"passed","title":"should handle partial matches correctly","duration":0.04289999999991778,"failureMessages":[],"meta":{}},{"ancestorTitles":["Filename Validation (Signed/Scan Detection)","Edge cases"],"fullName":"Filename Validation (Signed/Scan Detection) Edge cases should handle case-insensitive matching","status":"passed","title":"should handle case-insensitive matching","duration":0.0805000000000291,"failureMessages":[],"meta":{}}],"startTime":1767713058744,"endTime":1767713058748.0925,"status":"passed","message":"","name":"C:/Users/caziep/Downloads/extractor-corev1/extractor-corev1/tests/templates/filenameValidation.test.ts"},{"assertionResults":[{"ancestorTitles":["Page Dimension Validation","Standard page sizes (portrait)"],"fullName":"Page Dimension Validation Standard page sizes (portrait) should accept Letter size (612 x 792)","status":"passed","title":"should accept Letter size (612 x 792)","duration":0.946899999999971,"failureMessages":[],"meta":{}},{"ancestorTitles":["Page Dimension Validation","Standard page sizes (portrait)"],"fullName":"Page Dimension Validation Standard page sizes (portrait) should accept Letter size with tolerance (607 x 797)","status":"passed","title":"should accept Letter size with tolerance (607 x 797)","duration":0.13749999999998863,"failureMessages":[],"meta":{}},{"ancestorTitles":["Page Dimension Validation","Standard page sizes (portrait)"],"fullName":"Page Dimension Validation Standard page sizes (portrait) should accept A4 size (595.276 x 841.890)","status":"passed","title":"should accept A4 size (595.276 x 841.890)","duration":0.09530000000000882,"failureMessages":[],"meta":{}},{"ancestorTitles":["Page Dimension Validation","Standard page sizes (portrait)"],"fullName":"Page Dimension Validation Standard page sizes (portrait) should accept A4 size with tolerance (590.276 x 836.890)","status":"passed","title":"should accept A4 size with tolerance (590.276 x 836.890)","duration":0.09629999999998518,"failureMessages":[],"meta":{}},{"ancestorTitles":["Page Dimension Validation","Standard page sizes (portrait)"],"fullName":"Page Dimension Validation Standard page sizes (portrait) should accept Legal size (612 x 1008)","status":"passed","title":"should accept Legal size (612 x 1008)","duration":0.12220000000002074,"failureMessages":[],"meta":{}},{"ancestorTitles":["Page Dimension Validation","Standard page sizes (portrait)"],"fullName":"Page Dimension Validation Standard page sizes (portrait) should accept Tabloid size (792 x 1224)","status":"passed","title":"should accept Tabloid size (792 x 1224)","duration":0.0816000000000372,"failureMessages":[],"meta":{}},{"ancestorTitles":["Page Dimension Validation","Standard page sizes (landscape)"],"fullName":"Page Dimension Validation Standard page sizes (landscape) should accept Letter landscape (792 x 612)","status":"passed","title":"should accept Letter landscape (792 x 612)","duration":0.09660000000002356,"failureMessages":[],"meta":{}},{"ancestorTitles":["Page Dimension Validation","Standard page sizes (landscape)"],"fullName":"Page Dimension Validation Standard page sizes (landscape) should accept A4 landscape (841.890 x 595.276)","status":"passed","title":"should accept A4 landscape (841.890 x 595.276)","duration":0.080600000000004,"failureMessages":[],"meta":{}},{"ancestorTitles":["Page Dimension Validation","Standard page sizes (landscape)"],"fullName":"Page Dimension Validation Standard page sizes (landscape) should accept Legal landscape (1008 x 612)","status":"passed","title":"should accept Legal landscape (1008 x 612)","duration":0.07880000000000109,"failureMessages":[],"meta":{}},{"ancestorTitles":["Page Dimension Validation","Standard page sizes (landscape)"],"fullName":"Page Dimension Validation Standard page sizes (landscape) should accept Tabloid landscape (1224 x 792)","status":"passed","title":"should accept Tabloid landscape (1224 x 792)","duration":0.09299999999996089,"failureMessages":[],"meta":{}},{"ancestorTitles":["Page Dimension Validation","Tolerance handling"],"fullName":"Page Dimension Validation Tolerance handling should accept dimensions at exact tolerance boundary (617 x 797 for Letter)","status":"passed","title":"should accept dimensions at exact tolerance boundary (617 x 797 for Letter)","duration":0.07839999999998781,"failureMessages":[],"meta":{}},{"ancestorTitles":["Page Dimension Validation","Tolerance handling"],"fullName":"Page Dimension Validation Tolerance handling should reject dimensions beyond tolerance (618 x 797 for Letter)","status":"passed","title":"should reject dimensions beyond tolerance (618 x 797 for Letter)","duration":0.10009999999999764,"failureMessages":[],"meta":{}},{"ancestorTitles":["Page Dimension Validation","Tolerance handling"],"fullName":"Page Dimension Validation Tolerance handling should accept dimensions at negative tolerance boundary (607 x 787 for Letter)","status":"passed","title":"should accept dimensions at negative tolerance boundary (607 x 787 for Letter)","duration":0.07089999999999463,"failureMessages":[],"meta":{}},{"ancestorTitles":["Page Dimension Validation","Tolerance handling"],"fullName":"Page Dimension Validation Tolerance handling should reject dimensions beyond negative tolerance (606 x 787 for Letter)","status":"passed","title":"should reject dimensions beyond negative tolerance (606 x 787 for Letter)","duration":0.06509999999997262,"failureMessages":[],"meta":{}},{"ancestorTitles":["Page Dimension Validation","Non-standard page sizes (should be rejected)"],"fullName":"Page Dimension Validation Non-standard page sizes (should be rejected) should reject phone photo scan dimensions (2000 x 3000)","status":"passed","title":"should reject phone photo scan dimensions (2000 x 3000)","duration":0.07909999999998263,"failureMessages":[],"meta":{}},{"ancestorTitles":["Page Dimension Validation","Non-standard page sizes (should be rejected)"],"fullName":"Page Dimension Validation Non-standard page sizes (should be rejected) should reject square dimensions (1000 x 1000)","status":"passed","title":"should reject square dimensions (1000 x 1000)","duration":0.052700000000015734,"failureMessages":[],"meta":{}},{"ancestorTitles":["Page Dimension Validation","Non-standard page sizes (should be rejected)"],"fullName":"Page Dimension Validation Non-standard page sizes (should be rejected) should reject very small dimensions (100 x 150)","status":"passed","title":"should reject very small dimensions (100 x 150)","duration":0.048299999999983356,"failureMessages":[],"meta":{}},{"ancestorTitles":["Page Dimension Validation","Non-standard page sizes (should be rejected)"],"fullName":"Page Dimension Validation Non-standard page sizes (should be rejected) should reject unusual aspect ratio (500 x 2000)","status":"passed","title":"should reject unusual aspect ratio (500 x 2000)","duration":0.04409999999995762,"failureMessages":[],"meta":{}},{"ancestorTitles":["Page Dimension Validation","Non-standard page sizes (should be rejected)"],"fullName":"Page Dimension Validation Non-standard page sizes (should be rejected) should reject unusual aspect ratio (2000 x 500)","status":"passed","title":"should reject unusual aspect ratio (2000 x 500)","duration":0.04519999999996571,"failureMessages":[],"meta":{}},{"ancestorTitles":["Page Dimension Validation","Non-standard page sizes (should be rejected)"],"fullName":"Page Dimension Validation Non-standard page sizes (should be rejected) should reject dimensions close to Letter but outside tolerance (620 x 800)","status":"passed","title":"should reject dimensions close to Letter but outside tolerance (620 x 800)","duration":0.04239999999998645,"failureMessages":[],"meta":{}},{"ancestorTitles":["Page Dimension Validation","Non-standard page sizes (should be rejected)"],"fullName":"Page Dimension Validation Non-standard page sizes (should be rejected) should reject dimensions close to A4 but outside tolerance (600 x 850)","status":"passed","title":"should reject dimensions close to A4 but outside tolerance (600 x 850)","duration":0.04629999999997381,"failureMessages":[],"meta":{}},{"ancestorTitles":["Page Dimension Validation","Edge cases"],"fullName":"Page Dimension Validation Edge cases should handle zero dimensions","status":"passed","title":"should handle zero dimensions","duration":0.06110000000001037,"failureMessages":[],"meta":{}},{"ancestorTitles":["Page Dimension Validation","Edge cases"],"fullName":"Page Dimension Validation Edge cases should handle negative dimensions","status":"passed","title":"should handle negative dimensions","duration":0.05249999999995225,"failureMessages":[],"meta":{}},{"ancestorTitles":["Page Dimension Validation","Edge cases"],"fullName":"Page Dimension Validation Edge cases should handle very large dimensions","status":"passed","title":"should handle very large dimensions","duration":0.044899999999984175,"failureMessages":[],"meta":{}},{"ancestorTitles":["Page Dimension Validation","Edge cases"],"fullName":"Page Dimension Validation Edge cases should handle decimal precision correctly","status":"passed","title":"should handle decimal precision correctly","duration":0.0473999999999819,"failureMessages":[],"meta":{}},{"ancestorTitles":["Page Dimension Validation","Edge cases"],"fullName":"Page Dimension Validation Edge cases should handle rounded decimals within tolerance","status":"passed","title":"should handle rounded decimals within tolerance","duration":0.043400000000019645,"failureMessages":[],"meta":{}},{"ancestorTitles":["Page Dimension Validation","STANDARD_PAGE_SIZES constant"],"fullName":"Page Dimension Validation STANDARD_PAGE_SIZES constant should export STANDARD_PAGE_SIZES array","status":"passed","title":"should export STANDARD_PAGE_SIZES array","duration":0.14250000000004093,"failureMessages":[],"meta":{}},{"ancestorTitles":["Page Dimension Validation","STANDARD_PAGE_SIZES constant"],"fullName":"Page Dimension Validation STANDARD_PAGE_SIZES constant should have all required properties for each standard size","status":"passed","title":"should have all required properties for each standard size","duration":1.2194999999999823,"failureMessages":[],"meta":{}},{"ancestorTitles":["Page Dimension Validation","STANDARD_PAGE_SIZES constant"],"fullName":"Page Dimension Validation STANDARD_PAGE_SIZES constant should include both portrait and landscape orientations","status":"passed","title":"should include both portrait and landscape orientations","duration":0.147199999999998,"failureMessages":[],"meta":{}},{"ancestorTitles":["Page Dimension Validation","STANDARD_PAGE_SIZES constant"],"fullName":"Page Dimension Validation STANDARD_PAGE_SIZES constant should have landscape versions with swapped width/height","status":"passed","title":"should have landscape versions with swapped width/height","duration":0.1563000000000443,"failureMessages":[],"meta":{}}],"startTime":1767713057802,"endTime":1767713057807.2195,"status":"passed","message":"","name":"C:/Users/caziep/Downloads/extractor-corev1/extractor-corev1/tests/templates/pageDimensions.test.ts"},{"assertionResults":[{"ancestorTitles":["PDF.js page dimension extraction"],"fullName":"PDF.js page dimension extraction should extract dimensions from standard 8.5x11 page (0-based)","status":"passed","title":"should extract dimensions from standard 8.5x11 page (0-based)","duration":1.113800000000026,"failureMessages":[],"meta":{}},{"ancestorTitles":["PDF.js page dimension extraction"],"fullName":"PDF.js page dimension extraction should extract dimensions from page with non-zero origin","status":"passed","title":"should extract dimensions from page with non-zero origin","duration":0.20229999999997972,"failureMessages":[],"meta":{}},{"ancestorTitles":["PDF.js page dimension extraction"],"fullName":"PDF.js page dimension extraction should extract dimensions from A4 page","status":"passed","title":"should extract dimensions from A4 page","duration":0.19190000000003238,"failureMessages":[],"meta":{}},{"ancestorTitles":["PDF.js page dimension extraction"],"fullName":"PDF.js page dimension extraction should throw error for invalid array length","status":"passed","title":"should throw error for invalid array length","duration":0.5825000000000387,"failureMessages":[],"meta":{}},{"ancestorTitles":["PDF.js page dimension extraction"],"fullName":"PDF.js page dimension extraction should throw error for non-numeric values","status":"passed","title":"should throw error for non-numeric values","duration":0.1938000000000102,"failureMessages":[],"meta":{}},{"ancestorTitles":["PDF.js page dimension extraction"],"fullName":"PDF.js page dimension extraction should throw error for invalid bounds (x1 <= x0)","status":"passed","title":"should throw error for invalid bounds (x1 <= x0)","duration":0.1360000000000241,"failureMessages":[],"meta":{}},{"ancestorTitles":["PDF.js page dimension extraction"],"fullName":"PDF.js page dimension extraction should throw error for invalid bounds (y1 <= y0)","status":"passed","title":"should throw error for invalid bounds (y1 <= y0)","duration":0.18619999999998527,"failureMessages":[],"meta":{}},{"ancestorTitles":["PDF.js page dimension extraction"],"fullName":"PDF.js page dimension extraction should throw error for equal bounds (x1 === x0)","status":"passed","title":"should throw error for equal bounds (x1 === x0)","duration":0.11770000000001346,"failureMessages":[],"meta":{}},{"ancestorTitles":["PDF.js page dimension extraction"],"fullName":"PDF.js page dimension extraction should handle decimal values correctly","status":"passed","title":"should handle decimal values correctly","duration":0.1452000000000453,"failureMessages":[],"meta":{}}],"startTime":1767713057801,"endTime":1767713057804.1453,"status":"passed","message":"","name":"C:/Users/caziep/Downloads/extractor-corev1/extractor-corev1/tests/templates/pdfJsUtils.test.ts"},{"assertionResults":[{"ancestorTitles":["Templates: Points-only enforcement"],"fullName":"Templates: Points-only enforcement should not find xPct/yPct/wPct/hPct in template save routes","status":"passed","title":"should not find xPct/yPct/wPct/hPct in template save routes","duration":1.0486000000000217,"failureMessages":[],"meta":{}},{"ancestorTitles":["Templates: Points-only enforcement"],"fullName":"Templates: Points-only enforcement should require PDF points in template types","status":"passed","title":"should require PDF points in template types","duration":0.5615999999999985,"failureMessages":[],"meta":{}},{"ancestorTitles":["Templates: Points-only enforcement"],"fullName":"Templates: Points-only enforcement should not allow percentage fallback in templateConfig","status":"passed","title":"should not allow percentage fallback in templateConfig","duration":0.2947000000000344,"failureMessages":[],"meta":{}},{"ancestorTitles":["Templates: Points-only enforcement"],"fullName":"Templates: Points-only enforcement should validate PDF points in template save endpoints","status":"passed","title":"should validate PDF points in template save endpoints","duration":0.3996000000000208,"failureMessages":[],"meta":{}}],"startTime":1767713057778,"endTime":1767713057780.3997,"status":"passed","message":"","name":"C:/Users/caziep/Downloads/extractor-corev1/extractor-corev1/tests/templates/pointsOnly.test.ts"},{"assertionResults":[{"ancestorTitles":["Template Region Validation"],"fullName":"Template Region Validation should accept valid region with all required PDF points","status":"passed","title":"should accept valid region with all required PDF points","duration":1.1968000000001666,"failureMessages":[],"meta":{}},{"ancestorTitles":["Template Region Validation"],"fullName":"Template Region Validation should reject region with percentage fields","status":"passed","title":"should reject region with percentage fields","duration":0.20680000000015752,"failureMessages":[],"meta":{}},{"ancestorTitles":["Template Region Validation"],"fullName":"Template Region Validation should reject region missing xPt","status":"passed","title":"should reject region missing xPt","duration":0.13580000000001746,"failureMessages":[],"meta":{}},{"ancestorTitles":["Template Region Validation"],"fullName":"Template Region Validation should reject region missing yPt","status":"passed","title":"should reject region missing yPt","duration":0.1791000000000622,"failureMessages":[],"meta":{}},{"ancestorTitles":["Template Region Validation"],"fullName":"Template Region Validation should reject region missing wPt","status":"passed","title":"should reject region missing wPt","duration":0.14030000000002474,"failureMessages":[],"meta":{}},{"ancestorTitles":["Template Region Validation"],"fullName":"Template Region Validation should reject region missing hPt","status":"passed","title":"should reject region missing hPt","duration":0.11570000000006075,"failureMessages":[],"meta":{}},{"ancestorTitles":["Template Region Validation"],"fullName":"Template Region Validation should reject region missing pageWidthPt","status":"passed","title":"should reject region missing pageWidthPt","duration":0.14770000000021355,"failureMessages":[],"meta":{}},{"ancestorTitles":["Template Region Validation"],"fullName":"Template Region Validation should reject region missing pageHeightPt","status":"passed","title":"should reject region missing pageHeightPt","duration":0.18090000000006512,"failureMessages":[],"meta":{}},{"ancestorTitles":["Template Region Validation"],"fullName":"Template Region Validation should reject non-numeric xPt","status":"passed","title":"should reject non-numeric xPt","duration":0.25699999999983447,"failureMessages":[],"meta":{}},{"ancestorTitles":["Template Region Validation"],"fullName":"Template Region Validation should reject non-finite values","status":"passed","title":"should reject non-finite values","duration":0.24350000000004002,"failureMessages":[],"meta":{}},{"ancestorTitles":["Template Region Validation"],"fullName":"Template Region Validation should reject NaN values","status":"passed","title":"should reject NaN values","duration":0.15239999999994325,"failureMessages":[],"meta":{}},{"ancestorTitles":["Template Region Validation"],"fullName":"Template Region Validation should reject negative page dimensions","status":"passed","title":"should reject negative page dimensions","duration":0.1494000000000142,"failureMessages":[],"meta":{}},{"ancestorTitles":["Template Region Validation"],"fullName":"Template Region Validation should reject zero page dimensions","status":"passed","title":"should reject zero page dimensions","duration":0.11999999999989086,"failureMessages":[],"meta":{}},{"ancestorTitles":["Template Region Validation"],"fullName":"Template Region Validation should reject negative or zero region dimensions","status":"passed","title":"should reject negative or zero region dimensions","duration":0.18010000000003856,"failureMessages":[],"meta":{}},{"ancestorTitles":["Template Region Validation"],"fullName":"Template Region Validation should reject region extending beyond page bounds (x + w > pageWidth)","status":"passed","title":"should reject region extending beyond page bounds (x + w > pageWidth)","duration":0.13899999999989632,"failureMessages":[],"meta":{}},{"ancestorTitles":["Template Region Validation"],"fullName":"Template Region Validation should reject region extending beyond page bounds (y + h > pageHeight)","status":"passed","title":"should reject region extending beyond page bounds (y + h > pageHeight)","duration":0.1251999999999498,"failureMessages":[],"meta":{}},{"ancestorTitles":["Template Region Validation"],"fullName":"Template Region Validation should reject negative xPt","status":"passed","title":"should reject negative xPt","duration":0.11220000000002983,"failureMessages":[],"meta":{}},{"ancestorTitles":["Template Region Validation"],"fullName":"Template Region Validation should reject negative yPt","status":"passed","title":"should reject negative yPt","duration":0.10770000000002256,"failureMessages":[],"meta":{}},{"ancestorTitles":["Template Region Validation"],"fullName":"Template Region Validation should accept region at page edge (x + w = pageWidth)","status":"passed","title":"should accept region at page edge (x + w = pageWidth)","duration":0.13540000000011787,"failureMessages":[],"meta":{}},{"ancestorTitles":["Template Region Validation"],"fullName":"Template Region Validation should accept region at page edge (y + h = pageHeight)","status":"passed","title":"should accept region at page edge (y + h = pageHeight)","duration":0.11700000000018917,"failureMessages":[],"meta":{}},{"ancestorTitles":["Template Region Normalization"],"fullName":"Template Region Normalization should normalize valid region and round to 2 decimal places","status":"passed","title":"should normalize valid region and round to 2 decimal places","duration":0.35399999999981446,"failureMessages":[],"meta":{}},{"ancestorTitles":["Template Region Normalization"],"fullName":"Template Region Normalization should preserve boundsPt if provided","status":"passed","title":"should preserve boundsPt if provided","duration":0.5917999999999211,"failureMessages":[],"meta":{}},{"ancestorTitles":["Template Region Normalization"],"fullName":"Template Region Normalization should throw if region is invalid before normalization","status":"passed","title":"should throw if region is invalid before normalization","duration":0.10960000000000036,"failureMessages":[],"meta":{}},{"ancestorTitles":["Template Region Normalization"],"fullName":"Template Region Normalization should produce TemplateRegion type","status":"passed","title":"should produce TemplateRegion type","duration":0.18270000000006803,"failureMessages":[],"meta":{}},{"ancestorTitles":["Coordinate System Normalization"],"fullName":"Coordinate System Normalization should normalize undefined to PDF_POINTS_TOP_LEFT","status":"passed","title":"should normalize undefined to PDF_POINTS_TOP_LEFT","duration":0.061100000000124055,"failureMessages":[],"meta":{}},{"ancestorTitles":["Coordinate System Normalization"],"fullName":"Coordinate System Normalization should normalize PDF_POINTS to PDF_POINTS_TOP_LEFT","status":"passed","title":"should normalize PDF_POINTS to PDF_POINTS_TOP_LEFT","duration":0.03569999999990614,"failureMessages":[],"meta":{}},{"ancestorTitles":["Coordinate System Normalization"],"fullName":"Coordinate System Normalization should keep PDF_POINTS_TOP_LEFT as-is","status":"passed","title":"should keep PDF_POINTS_TOP_LEFT as-is","duration":0.031800000000203,"failureMessages":[],"meta":{}},{"ancestorTitles":["Coordinate System Normalization"],"fullName":"Coordinate System Normalization should handle empty string as undefined","status":"passed","title":"should handle empty string as undefined","duration":0.03029999999989741,"failureMessages":[],"meta":{}},{"ancestorTitles":["Template Region Type Guard"],"fullName":"Template Region Type Guard should return true for valid TemplateRegion","status":"passed","title":"should return true for valid TemplateRegion","duration":0.04559999999992215,"failureMessages":[],"meta":{}},{"ancestorTitles":["Template Region Type Guard"],"fullName":"Template Region Type Guard should return false for null","status":"passed","title":"should return false for null","duration":0.035999999999830834,"failureMessages":[],"meta":{}},{"ancestorTitles":["Template Region Type Guard"],"fullName":"Template Region Type Guard should return false for undefined","status":"passed","title":"should return false for undefined","duration":0.040500000000065484,"failureMessages":[],"meta":{}},{"ancestorTitles":["Template Region Type Guard"],"fullName":"Template Region Type Guard should return false for non-object","status":"passed","title":"should return false for non-object","duration":0.05410000000006221,"failureMessages":[],"meta":{}},{"ancestorTitles":["Template Region Type Guard"],"fullName":"Template Region Type Guard should return false for object missing xPt","status":"passed","title":"should return false for object missing xPt","duration":0.06410000000005311,"failureMessages":[],"meta":{}},{"ancestorTitles":["Template Region Type Guard"],"fullName":"Template Region Type Guard should return false for object with non-numeric xPt","status":"passed","title":"should return false for object with non-numeric xPt","duration":0.09770000000003165,"failureMessages":[],"meta":{}},{"ancestorTitles":["Template Region Type Guard"],"fullName":"Template Region Type Guard should return false for object with Infinity","status":"passed","title":"should return false for object with Infinity","duration":0.04769999999984975,"failureMessages":[],"meta":{}},{"ancestorTitles":["Template Region Type Guard"],"fullName":"Template Region Type Guard should return false for object with negative wPt","status":"passed","title":"should return false for object with negative wPt","duration":0.040000000000190994,"failureMessages":[],"meta":{}},{"ancestorTitles":["Template Region Type Guard"],"fullName":"Template Region Type Guard should return false for object with zero wPt","status":"passed","title":"should return false for object with zero wPt","duration":0.0362999999999829,"failureMessages":[],"meta":{}},{"ancestorTitles":["Template Region Type Guard"],"fullName":"Template Region Type Guard should return false for object with region extending beyond page","status":"passed","title":"should return false for object with region extending beyond page","duration":0.03600000000005821,"failureMessages":[],"meta":{}},{"ancestorTitles":["Template Region Type Guard"],"fullName":"Template Region Type Guard should return false for object with negative xPt","status":"passed","title":"should return false for object with negative xPt","duration":0.0364999999999327,"failureMessages":[],"meta":{}},{"ancestorTitles":["Template Region Type Guard"],"fullName":"Template Region Type Guard should return true for region at page edge","status":"passed","title":"should return true for region at page edge","duration":0.04070000000001528,"failureMessages":[],"meta":{}}],"startTime":1767713058744,"endTime":1767713058751.0476,"status":"passed","message":"","name":"C:/Users/caziep/Downloads/extractor-corev1/extractor-corev1/tests/templates/regions.test.ts"}]}