{"numTotalTestSuites":75,"numPassedTestSuites":75,"numFailedTestSuites":0,"numPendingTestSuites":0,"numTotalTests":270,"numPassedTests":270,"numFailedTests":0,"numPendingTests":0,"numTodoTests":0,"snapshot":{"added":0,"failure":false,"filesAdded":0,"filesRemoved":0,"filesRemovedList":[],"filesUnmatched":0,"filesUpdated":0,"matched":0,"total":0,"unchecked":0,"uncheckedKeysByFile":[],"unmatched":0,"updated":0,"didUpdate":false},"startTime":1767733175476,"success":true,"testResults":[{"assertionResults":[{"ancestorTitles":["template coordinate conversion","cssPixelsToPdfPoints"],"fullName":"template coordinate conversion cssPixelsToPdfPoints converts CSS crop -> PDF points deterministically","status":"passed","title":"converts CSS crop -> PDF points deterministically","duration":1.0640000000000214,"failureMessages":[],"meta":{}},{"ancestorTitles":["template coordinate conversion","cssPixelsToPdfPoints"],"fullName":"template coordinate conversion cssPixelsToPdfPoints handles bounds offset normalization","status":"passed","title":"handles bounds offset normalization","duration":0.19990000000001373,"failureMessages":[],"meta":{}},{"ancestorTitles":["template coordinate conversion","cssPixelsToPdfPoints"],"fullName":"template coordinate conversion cssPixelsToPdfPoints handles CSS scaling correctly","status":"passed","title":"handles CSS scaling correctly","duration":0.14390000000003056,"failureMessages":[],"meta":{}},{"ancestorTitles":["template coordinate conversion","pdfPointsToCssPixels"],"fullName":"template coordinate conversion pdfPointsToCssPixels round-trips CSS -> PDF -> CSS correctly","status":"passed","title":"round-trips CSS -> PDF -> CSS correctly","duration":0.271000000000015,"failureMessages":[],"meta":{}},{"ancestorTitles":["template coordinate conversion","validatePdfPoints"],"fullName":"template coordinate conversion validatePdfPoints accepts valid PDF points","status":"passed","title":"accepts valid PDF points","duration":0.5349000000000501,"failureMessages":[],"meta":{}},{"ancestorTitles":["template coordinate conversion","validatePdfPoints"],"fullName":"template coordinate conversion validatePdfPoints throws when crop is out of bounds (negative x)","status":"passed","title":"throws when crop is out of bounds (negative x)","duration":0.16150000000004638,"failureMessages":[],"meta":{}},{"ancestorTitles":["template coordinate conversion","validatePdfPoints"],"fullName":"template coordinate conversion validatePdfPoints throws when crop is out of bounds (negative y)","status":"passed","title":"throws when crop is out of bounds (negative y)","duration":0.15670000000000073,"failureMessages":[],"meta":{}},{"ancestorTitles":["template coordinate conversion","validatePdfPoints"],"fullName":"template coordinate conversion validatePdfPoints throws when crop exceeds page width","status":"passed","title":"throws when crop exceeds page width","duration":0.144299999999987,"failureMessages":[],"meta":{}},{"ancestorTitles":["template coordinate conversion","validatePdfPoints"],"fullName":"template coordinate conversion validatePdfPoints throws when crop exceeds page height","status":"passed","title":"throws when crop exceeds page height","duration":0.13240000000001828,"failureMessages":[],"meta":{}},{"ancestorTitles":["template coordinate conversion","validatePdfPoints"],"fullName":"template coordinate conversion validatePdfPoints throws when width is zero or negative","status":"passed","title":"throws when width is zero or negative","duration":0.13659999999998718,"failureMessages":[],"meta":{}},{"ancestorTitles":["template coordinate conversion","validatePdfPoints"],"fullName":"template coordinate conversion validatePdfPoints throws when height is zero or negative","status":"passed","title":"throws when height is zero or negative","duration":0.10009999999999764,"failureMessages":[],"meta":{}},{"ancestorTitles":["template coordinate conversion","validatePdfPoints"],"fullName":"template coordinate conversion validatePdfPoints throws when coordinates are not finite","status":"passed","title":"throws when coordinates are not finite","duration":0.0957000000000221,"failureMessages":[],"meta":{}}],"startTime":1767733175957,"endTime":1767733175960.1443,"status":"passed","message":"","name":"C:/Users/caziep/Downloads/extractor-corev1/extractor-corev1/tests/coords/templateCoordinateConversion.test.ts"},{"assertionResults":[{"ancestorTitles":["Gmail Label Name Extraction","extractLabelName"],"fullName":"Gmail Label Name Extraction extractLabelName should extract label name from response","status":"passed","title":"should extract label name from response","duration":0.8573999999999842,"failureMessages":[],"meta":{}},{"ancestorTitles":["Gmail Label Name Extraction","extractLabelName"],"fullName":"Gmail Label Name Extraction extractLabelName should return default when labelName is missing","status":"passed","title":"should return default when labelName is missing","duration":0.12819999999999254,"failureMessages":[],"meta":{}},{"ancestorTitles":["Gmail Label Name Extraction","extractLabelName"],"fullName":"Gmail Label Name Extraction extractLabelName should return default when labelName is null","status":"passed","title":"should return default when labelName is null","duration":0.07529999999997017,"failureMessages":[],"meta":{}},{"ancestorTitles":["Gmail Label Name Extraction","extractLabelName"],"fullName":"Gmail Label Name Extraction extractLabelName should return default when labelName is undefined","status":"passed","title":"should return default when labelName is undefined","duration":0.10620000000000118,"failureMessages":[],"meta":{}},{"ancestorTitles":["Gmail Label Name Extraction","extractLabelName"],"fullName":"Gmail Label Name Extraction extractLabelName should handle nested label names","status":"passed","title":"should handle nested label names","duration":0.09039999999998827,"failureMessages":[],"meta":{}},{"ancestorTitles":["Gmail Label Name Extraction","extractLabelName"],"fullName":"Gmail Label Name Extraction extractLabelName should handle label names with special characters","status":"passed","title":"should handle label names with special characters","duration":0.0626999999999498,"failureMessages":[],"meta":{}},{"ancestorTitles":["Gmail Label Name Extraction","formatLabelNameForDisplay"],"fullName":"Gmail Label Name Extraction formatLabelNameForDisplay should return label name as-is when valid","status":"passed","title":"should return label name as-is when valid","duration":0.130299999999977,"failureMessages":[],"meta":{}},{"ancestorTitles":["Gmail Label Name Extraction","formatLabelNameForDisplay"],"fullName":"Gmail Label Name Extraction formatLabelNameForDisplay should return default for empty string","status":"passed","title":"should return default for empty string","duration":0.10590000000001965,"failureMessages":[],"meta":{}},{"ancestorTitles":["Gmail Label Name Extraction","formatLabelNameForDisplay"],"fullName":"Gmail Label Name Extraction formatLabelNameForDisplay should return default for null","status":"passed","title":"should return default for null","duration":0.07240000000001601,"failureMessages":[],"meta":{}},{"ancestorTitles":["Gmail Label Name Extraction","formatLabelNameForDisplay"],"fullName":"Gmail Label Name Extraction formatLabelNameForDisplay should return default for undefined","status":"passed","title":"should return default for undefined","duration":0.07920000000001437,"failureMessages":[],"meta":{}},{"ancestorTitles":["Gmail Label Name Extraction","formatLabelNameForDisplay"],"fullName":"Gmail Label Name Extraction formatLabelNameForDisplay should trim whitespace","status":"passed","title":"should trim whitespace","duration":0.04919999999998481,"failureMessages":[],"meta":{}},{"ancestorTitles":["Gmail Label Name Extraction","formatLabelNameForDisplay"],"fullName":"Gmail Label Name Extraction formatLabelNameForDisplay should handle empty string after trim","status":"passed","title":"should handle empty string after trim","duration":0.04359999999996944,"failureMessages":[],"meta":{}},{"ancestorTitles":["Gmail Label Name Extraction","Label name integration scenarios"],"fullName":"Gmail Label Name Extraction Label name integration scenarios should handle workspace queue label","status":"passed","title":"should handle workspace queue label","duration":0.05309999999997217,"failureMessages":[],"meta":{}},{"ancestorTitles":["Gmail Label Name Extraction","Label name integration scenarios"],"fullName":"Gmail Label Name Extraction Label name integration scenarios should handle legacy workspace label","status":"passed","title":"should handle legacy workspace label","duration":0.049200000000041655,"failureMessages":[],"meta":{}},{"ancestorTitles":["Gmail Label Name Extraction","Label name integration scenarios"],"fullName":"Gmail Label Name Extraction Label name integration scenarios should handle query param label","status":"passed","title":"should handle query param label","duration":0.06759999999997035,"failureMessages":[],"meta":{}},{"ancestorTitles":["Gmail Label Name Extraction","Label name integration scenarios"],"fullName":"Gmail Label Name Extraction Label name integration scenarios should handle missing label gracefully","status":"passed","title":"should handle missing label gracefully","duration":0.049999999999954525,"failureMessages":[],"meta":{}}],"startTime":1767733175914,"endTime":1767733175917.0676,"status":"passed","message":"","name":"C:/Users/caziep/Downloads/extractor-corev1/extractor-corev1/tests/gmail/labelName.test.ts"},{"assertionResults":[{"ancestorTitles":["Gmail label state machine"],"fullName":"Gmail label state machine removes queue label and adds processed label on success","status":"passed","title":"removes queue label and adds processed label on success","duration":121.0052,"failureMessages":[],"meta":{}},{"ancestorTitles":["Gmail label state machine"],"fullName":"Gmail label state machine does not remove queue label on processing failure","status":"passed","title":"does not remove queue label on processing failure","duration":0.7696000000000254,"failureMessages":[],"meta":{}},{"ancestorTitles":["Gmail label state machine"],"fullName":"Gmail label state machine skips label operations when workspace label IDs are missing","status":"passed","title":"skips label operations when workspace label IDs are missing","duration":0.5525000000000091,"failureMessages":[],"meta":{}},{"ancestorTitles":["Gmail label state machine"],"fullName":"Gmail label state machine handles label operation failures gracefully (does not fail request)","status":"passed","title":"handles label operation failures gracefully (does not fail request)","duration":0.5726999999999975,"failureMessages":[],"meta":{}},{"ancestorTitles":["Gmail label state machine"],"fullName":"Gmail label state machine is idempotent - repeated label operations do not cause issues","status":"passed","title":"is idempotent - repeated label operations do not cause issues","duration":0.5611999999999853,"failureMessages":[],"meta":{}}],"startTime":1767733175843,"endTime":1767733175966.5728,"status":"passed","message":"","name":"C:/Users/caziep/Downloads/extractor-corev1/extractor-corev1/tests/gmail/labelStateMachine.test.ts"},{"assertionResults":[{"ancestorTitles":["Gmail Signed PDF Normalization"],"fullName":"Gmail Signed PDF Normalization should normalize PDF buffer before processing","status":"passed","title":"should normalize PDF buffer before processing","duration":82.7276,"failureMessages":[],"meta":{}},{"ancestorTitles":["Gmail Signed PDF Normalization"],"fullName":"Gmail Signed PDF Normalization should handle normalization that returns same buffer","status":"passed","title":"should handle normalization that returns same buffer","duration":1.027499999999975,"failureMessages":[],"meta":{}},{"ancestorTitles":["Gmail Signed PDF Normalization"],"fullName":"Gmail Signed PDF Normalization should log normalization details","status":"passed","title":"should log normalization details","duration":0.390199999999993,"failureMessages":[],"meta":{}},{"ancestorTitles":["Gmail Signed PDF Normalization"],"fullName":"Gmail Signed PDF Normalization should handle normalization errors gracefully","status":"passed","title":"should handle normalization errors gracefully","duration":1.0787000000000262,"failureMessages":[],"meta":{}}],"startTime":1767733175887,"endTime":1767733175972.0786,"status":"passed","message":"","name":"C:/Users/caziep/Downloads/extractor-corev1/extractor-corev1/tests/gmail/normalization.test.ts"},{"assertionResults":[{"ancestorTitles":["Gmail Processing Utilities","extractWorkOrderNumbers"],"fullName":"Gmail Processing Utilities extractWorkOrderNumbers should extract work order numbers from valid response","status":"passed","title":"should extract work order numbers from valid response","duration":1.116199999999992,"failureMessages":[],"meta":{}},{"ancestorTitles":["Gmail Processing Utilities","extractWorkOrderNumbers"],"fullName":"Gmail Processing Utilities extractWorkOrderNumbers should filter out null/undefined work order numbers","status":"passed","title":"should filter out null/undefined work order numbers","duration":0.14460000000002537,"failureMessages":[],"meta":{}},{"ancestorTitles":["Gmail Processing Utilities","extractWorkOrderNumbers"],"fullName":"Gmail Processing Utilities extractWorkOrderNumbers should handle empty work orders array","status":"passed","title":"should handle empty work orders array","duration":0.0968000000000302,"failureMessages":[],"meta":{}},{"ancestorTitles":["Gmail Processing Utilities","extractWorkOrderNumbers"],"fullName":"Gmail Processing Utilities extractWorkOrderNumbers should handle missing workOrders field","status":"passed","title":"should handle missing workOrders field","duration":0.1098999999999819,"failureMessages":[],"meta":{}},{"ancestorTitles":["Gmail Processing Utilities","extractWorkOrderNumbers"],"fullName":"Gmail Processing Utilities extractWorkOrderNumbers should handle work orders without workOrderNumber field","status":"passed","title":"should handle work orders without workOrderNumber field","duration":0.11639999999999873,"failureMessages":[],"meta":{}},{"ancestorTitles":["Gmail Processing Utilities","formatSuccessMessage"],"fullName":"Gmail Processing Utilities formatSuccessMessage should format success message with all details","status":"passed","title":"should format success message with all details","duration":0.15260000000000673,"failureMessages":[],"meta":{}},{"ancestorTitles":["Gmail Processing Utilities","formatSuccessMessage"],"fullName":"Gmail Processing Utilities formatSuccessMessage should handle response without labelRemoved","status":"passed","title":"should handle response without labelRemoved","duration":0.15809999999999036,"failureMessages":[],"meta":{}},{"ancestorTitles":["Gmail Processing Utilities","formatSuccessMessage"],"fullName":"Gmail Processing Utilities formatSuccessMessage should handle response without meta field","status":"passed","title":"should handle response without meta field","duration":0.10800000000000409,"failureMessages":[],"meta":{}},{"ancestorTitles":["Gmail Processing Utilities","formatSuccessMessage"],"fullName":"Gmail Processing Utilities formatSuccessMessage should handle zero work orders","status":"passed","title":"should handle zero work orders","duration":0.1088999999999487,"failureMessages":[],"meta":{}},{"ancestorTitles":["Gmail Processing Utilities","aggregateBatchResults"],"fullName":"Gmail Processing Utilities aggregateBatchResults should aggregate multiple successful responses","status":"passed","title":"should aggregate multiple successful responses","duration":0.22949999999997317,"failureMessages":[],"meta":{}},{"ancestorTitles":["Gmail Processing Utilities","aggregateBatchResults"],"fullName":"Gmail Processing Utilities aggregateBatchResults should handle mixed success and failure","status":"passed","title":"should handle mixed success and failure","duration":0.12239999999997053,"failureMessages":[],"meta":{}},{"ancestorTitles":["Gmail Processing Utilities","aggregateBatchResults"],"fullName":"Gmail Processing Utilities aggregateBatchResults should handle empty results array","status":"passed","title":"should handle empty results array","duration":0.08869999999996026,"failureMessages":[],"meta":{}},{"ancestorTitles":["Gmail Processing Utilities","aggregateBatchResults"],"fullName":"Gmail Processing Utilities aggregateBatchResults should handle all failed responses","status":"passed","title":"should handle all failed responses","duration":0.07260000000002265,"failureMessages":[],"meta":{}},{"ancestorTitles":["Gmail Processing Utilities","aggregateBatchResults"],"fullName":"Gmail Processing Utilities aggregateBatchResults should filter out invalid work order numbers","status":"passed","title":"should filter out invalid work order numbers","duration":0.09440000000000737,"failureMessages":[],"meta":{}}],"startTime":1767733175909,"endTime":1767733175912.1223,"status":"passed","message":"","name":"C:/Users/caziep/Downloads/extractor-corev1/extractor-corev1/tests/gmail/processing.test.ts"},{"assertionResults":[{"ancestorTitles":["PDF Intent Policy","parsePdfIntent"],"fullName":"PDF Intent Policy parsePdfIntent should parse valid TEMPLATE_CAPTURE intent","status":"passed","title":"should parse valid TEMPLATE_CAPTURE intent","duration":0.7414999999999736,"failureMessages":[],"meta":{}},{"ancestorTitles":["PDF Intent Policy","parsePdfIntent"],"fullName":"PDF Intent Policy parsePdfIntent should parse valid SIGNED_PROCESSING intent","status":"passed","title":"should parse valid SIGNED_PROCESSING intent","duration":0.11369999999999436,"failureMessages":[],"meta":{}},{"ancestorTitles":["PDF Intent Policy","parsePdfIntent"],"fullName":"PDF Intent Policy parsePdfIntent should parse valid GENERAL_VIEW intent","status":"passed","title":"should parse valid GENERAL_VIEW intent","duration":0.07089999999999463,"failureMessages":[],"meta":{}},{"ancestorTitles":["PDF Intent Policy","parsePdfIntent"],"fullName":"PDF Intent Policy parsePdfIntent should return null for invalid intent string","status":"passed","title":"should return null for invalid intent string","duration":0.1484999999999559,"failureMessages":[],"meta":{}},{"ancestorTitles":["PDF Intent Policy","parsePdfIntent"],"fullName":"PDF Intent Policy parsePdfIntent should return null for non-string values","status":"passed","title":"should return null for non-string values","duration":0.16689999999999827,"failureMessages":[],"meta":{}},{"ancestorTitles":["PDF Intent Policy","parsePdfIntent"],"fullName":"PDF Intent Policy parsePdfIntent should return null for empty string","status":"passed","title":"should return null for empty string","duration":0.06619999999998072,"failureMessages":[],"meta":{}},{"ancestorTitles":["PDF Intent Policy","PDF_INTENTS constant"],"fullName":"PDF Intent Policy PDF_INTENTS constant should export all valid intents","status":"passed","title":"should export all valid intents","duration":0.634900000000016,"failureMessages":[],"meta":{}},{"ancestorTitles":["PDF Intent Policy","PDF_INTENTS constant"],"fullName":"PDF Intent Policy PDF_INTENTS constant should be readonly array type","status":"passed","title":"should be readonly array type","duration":0.09990000000004784,"failureMessages":[],"meta":{}},{"ancestorTitles":["PDF Intent Policy","resolvePdfIntentPolicy - TEMPLATE_CAPTURE"],"fullName":"PDF Intent Policy resolvePdfIntentPolicy - TEMPLATE_CAPTURE should resolve TEMPLATE_CAPTURE with default flags","status":"passed","title":"should resolve TEMPLATE_CAPTURE with default flags","duration":0.27890000000002146,"failureMessages":[],"meta":{}},{"ancestorTitles":["PDF Intent Policy","resolvePdfIntentPolicy - TEMPLATE_CAPTURE"],"fullName":"PDF Intent Policy resolvePdfIntentPolicy - TEMPLATE_CAPTURE should resolve TEMPLATE_CAPTURE with allowRaster=true","status":"passed","title":"should resolve TEMPLATE_CAPTURE with allowRaster=true","duration":0.17489999999997963,"failureMessages":[],"meta":{}},{"ancestorTitles":["PDF Intent Policy","resolvePdfIntentPolicy - TEMPLATE_CAPTURE"],"fullName":"PDF Intent Policy resolvePdfIntentPolicy - TEMPLATE_CAPTURE should resolve TEMPLATE_CAPTURE with allowRaster boolean true","status":"passed","title":"should resolve TEMPLATE_CAPTURE with allowRaster boolean true","duration":0.07560000000000855,"failureMessages":[],"meta":{}},{"ancestorTitles":["PDF Intent Policy","resolvePdfIntentPolicy - TEMPLATE_CAPTURE"],"fullName":"PDF Intent Policy resolvePdfIntentPolicy - TEMPLATE_CAPTURE should ignore skipNormalization for TEMPLATE_CAPTURE","status":"passed","title":"should ignore skipNormalization for TEMPLATE_CAPTURE","duration":0.060000000000002274,"failureMessages":[],"meta":{}},{"ancestorTitles":["PDF Intent Policy","resolvePdfIntentPolicy - TEMPLATE_CAPTURE"],"fullName":"PDF Intent Policy resolvePdfIntentPolicy - TEMPLATE_CAPTURE should ignore legacyDefaultSkipNormalization for TEMPLATE_CAPTURE","status":"passed","title":"should ignore legacyDefaultSkipNormalization for TEMPLATE_CAPTURE","duration":0.057599999999979445,"failureMessages":[],"meta":{}},{"ancestorTitles":["PDF Intent Policy","resolvePdfIntentPolicy - SIGNED_PROCESSING"],"fullName":"PDF Intent Policy resolvePdfIntentPolicy - SIGNED_PROCESSING should resolve SIGNED_PROCESSING with default flags (normalize=true)","status":"passed","title":"should resolve SIGNED_PROCESSING with default flags (normalize=true)","duration":0.09749999999996817,"failureMessages":[],"meta":{}},{"ancestorTitles":["PDF Intent Policy","resolvePdfIntentPolicy - SIGNED_PROCESSING"],"fullName":"PDF Intent Policy resolvePdfIntentPolicy - SIGNED_PROCESSING should resolve SIGNED_PROCESSING with skipNormalization=true","status":"passed","title":"should resolve SIGNED_PROCESSING with skipNormalization=true","duration":0.10129999999998063,"failureMessages":[],"meta":{}},{"ancestorTitles":["PDF Intent Policy","resolvePdfIntentPolicy - SIGNED_PROCESSING"],"fullName":"PDF Intent Policy resolvePdfIntentPolicy - SIGNED_PROCESSING should resolve SIGNED_PROCESSING with skipNormalization boolean true","status":"passed","title":"should resolve SIGNED_PROCESSING with skipNormalization boolean true","duration":0.07159999999998945,"failureMessages":[],"meta":{}},{"ancestorTitles":["PDF Intent Policy","resolvePdfIntentPolicy - SIGNED_PROCESSING"],"fullName":"PDF Intent Policy resolvePdfIntentPolicy - SIGNED_PROCESSING should always allow raster for SIGNED_PROCESSING","status":"passed","title":"should always allow raster for SIGNED_PROCESSING","duration":0.094600000000014,"failureMessages":[],"meta":{}},{"ancestorTitles":["PDF Intent Policy","resolvePdfIntentPolicy - GENERAL_VIEW"],"fullName":"PDF Intent Policy resolvePdfIntentPolicy - GENERAL_VIEW should resolve GENERAL_VIEW with default flags (uses legacyDefaultSkipNormalization)","status":"passed","title":"should resolve GENERAL_VIEW with default flags (uses legacyDefaultSkipNormalization)","duration":0.10769999999996571,"failureMessages":[],"meta":{}},{"ancestorTitles":["PDF Intent Policy","resolvePdfIntentPolicy - GENERAL_VIEW"],"fullName":"PDF Intent Policy resolvePdfIntentPolicy - GENERAL_VIEW should resolve GENERAL_VIEW with legacyDefaultSkipNormalization=true","status":"passed","title":"should resolve GENERAL_VIEW with legacyDefaultSkipNormalization=true","duration":0.056199999999989814,"failureMessages":[],"meta":{}},{"ancestorTitles":["PDF Intent Policy","resolvePdfIntentPolicy - GENERAL_VIEW"],"fullName":"PDF Intent Policy resolvePdfIntentPolicy - GENERAL_VIEW should resolve GENERAL_VIEW with explicit skipNormalization","status":"passed","title":"should resolve GENERAL_VIEW with explicit skipNormalization","duration":0.05340000000001055,"failureMessages":[],"meta":{}},{"ancestorTitles":["PDF Intent Policy","resolvePdfIntentPolicy - GENERAL_VIEW"],"fullName":"PDF Intent Policy resolvePdfIntentPolicy - GENERAL_VIEW should resolve GENERAL_VIEW with allowRaster=true","status":"passed","title":"should resolve GENERAL_VIEW with allowRaster=true","duration":0.07150000000001455,"failureMessages":[],"meta":{}},{"ancestorTitles":["PDF Intent Policy","resolvePdfIntentPolicy - Legacy mode (no intent)"],"fullName":"PDF Intent Policy resolvePdfIntentPolicy - Legacy mode (no intent) should resolve legacy mode with default skipNormalization=false","status":"passed","title":"should resolve legacy mode with default skipNormalization=false","duration":0.11360000000001946,"failureMessages":[],"meta":{}},{"ancestorTitles":["PDF Intent Policy","resolvePdfIntentPolicy - Legacy mode (no intent)"],"fullName":"PDF Intent Policy resolvePdfIntentPolicy - Legacy mode (no intent) should resolve legacy mode with default skipNormalization=true","status":"passed","title":"should resolve legacy mode with default skipNormalization=true","duration":0.07729999999997972,"failureMessages":[],"meta":{}},{"ancestorTitles":["PDF Intent Policy","resolvePdfIntentPolicy - Legacy mode (no intent)"],"fullName":"PDF Intent Policy resolvePdfIntentPolicy - Legacy mode (no intent) should resolve legacy mode with explicit skipNormalization","status":"passed","title":"should resolve legacy mode with explicit skipNormalization","duration":0.052500000000009095,"failureMessages":[],"meta":{}},{"ancestorTitles":["PDF Intent Policy","resolvePdfIntentPolicy - Legacy mode (no intent)"],"fullName":"PDF Intent Policy resolvePdfIntentPolicy - Legacy mode (no intent) should resolve legacy mode with invalid intent string","status":"passed","title":"should resolve legacy mode with invalid intent string","duration":0.054300000000012005,"failureMessages":[],"meta":{}},{"ancestorTitles":["PDF Intent Policy","resolvePdfIntentPolicy - Legacy mode (no intent)"],"fullName":"PDF Intent Policy resolvePdfIntentPolicy - Legacy mode (no intent) should resolve legacy mode with undefined intent","status":"passed","title":"should resolve legacy mode with undefined intent","duration":0.04950000000002319,"failureMessages":[],"meta":{}},{"ancestorTitles":["PDF Intent Policy","resolvePdfIntentPolicy - Boolean flag parsing"],"fullName":"PDF Intent Policy resolvePdfIntentPolicy - Boolean flag parsing should parse allowRaster as string 'true'","status":"passed","title":"should parse allowRaster as string 'true'","duration":0.061399999999991905,"failureMessages":[],"meta":{}},{"ancestorTitles":["PDF Intent Policy","resolvePdfIntentPolicy - Boolean flag parsing"],"fullName":"PDF Intent Policy resolvePdfIntentPolicy - Boolean flag parsing should parse allowRaster as string 'false'","status":"passed","title":"should parse allowRaster as string 'false'","duration":0.05299999999999727,"failureMessages":[],"meta":{}},{"ancestorTitles":["PDF Intent Policy","resolvePdfIntentPolicy - Boolean flag parsing"],"fullName":"PDF Intent Policy resolvePdfIntentPolicy - Boolean flag parsing should parse allowRaster as boolean true","status":"passed","title":"should parse allowRaster as boolean true","duration":0.04950000000002319,"failureMessages":[],"meta":{}},{"ancestorTitles":["PDF Intent Policy","resolvePdfIntentPolicy - Boolean flag parsing"],"fullName":"PDF Intent Policy resolvePdfIntentPolicy - Boolean flag parsing should parse allowRaster as boolean false","status":"passed","title":"should parse allowRaster as boolean false","duration":0.04460000000000264,"failureMessages":[],"meta":{}},{"ancestorTitles":["PDF Intent Policy","resolvePdfIntentPolicy - Boolean flag parsing"],"fullName":"PDF Intent Policy resolvePdfIntentPolicy - Boolean flag parsing should treat undefined allowRaster as false","status":"passed","title":"should treat undefined allowRaster as false","duration":0.03969999999998208,"failureMessages":[],"meta":{}},{"ancestorTitles":["PDF Intent Policy","resolvePdfIntentPolicy - Boolean flag parsing"],"fullName":"PDF Intent Policy resolvePdfIntentPolicy - Boolean flag parsing should parse skipNormalization as string 'true'","status":"passed","title":"should parse skipNormalization as string 'true'","duration":0.058100000000024465,"failureMessages":[],"meta":{}},{"ancestorTitles":["PDF Intent Policy","resolvePdfIntentPolicy - Boolean flag parsing"],"fullName":"PDF Intent Policy resolvePdfIntentPolicy - Boolean flag parsing should parse skipNormalization as string 'false'","status":"passed","title":"should parse skipNormalization as string 'false'","duration":0.05109999999996262,"failureMessages":[],"meta":{}},{"ancestorTitles":["PDF Intent Policy","resolvePdfIntentPolicy - Boolean flag parsing"],"fullName":"PDF Intent Policy resolvePdfIntentPolicy - Boolean flag parsing should parse skipNormalization as boolean","status":"passed","title":"should parse skipNormalization as boolean","duration":0.05660000000000309,"failureMessages":[],"meta":{}},{"ancestorTitles":["PDF Intent Policy","resolvePdfIntentPolicy - Edge cases"],"fullName":"PDF Intent Policy resolvePdfIntentPolicy - Edge cases should handle empty string intent as legacy","status":"passed","title":"should handle empty string intent as legacy","duration":0.05920000000003256,"failureMessages":[],"meta":{}},{"ancestorTitles":["PDF Intent Policy","resolvePdfIntentPolicy - Edge cases"],"fullName":"PDF Intent Policy resolvePdfIntentPolicy - Edge cases should handle case-sensitive intent matching","status":"passed","title":"should handle case-sensitive intent matching","duration":0.09719999999998663,"failureMessages":[],"meta":{}},{"ancestorTitles":["PDF Intent Policy","resolvePdfIntentPolicy - Edge cases"],"fullName":"PDF Intent Policy resolvePdfIntentPolicy - Edge cases should handle whitespace in intent string","status":"passed","title":"should handle whitespace in intent string","duration":0.08260000000001355,"failureMessages":[],"meta":{}},{"ancestorTitles":["PDF Intent Policy","resolvePdfIntentPolicy - Edge cases"],"fullName":"PDF Intent Policy resolvePdfIntentPolicy - Edge cases should handle numeric allowRaster as false","status":"passed","title":"should handle numeric allowRaster as false","duration":0.057399999999972806,"failureMessages":[],"meta":{}},{"ancestorTitles":["PDF Intent Policy","resolvePdfIntentPolicy - Edge cases"],"fullName":"PDF Intent Policy resolvePdfIntentPolicy - Edge cases should handle numeric skipNormalization as false","status":"passed","title":"should handle numeric skipNormalization as false","duration":0.08389999999997144,"failureMessages":[],"meta":{}},{"ancestorTitles":["PDF Intent Policy","resolvePdfIntentPolicy - Policy structure"],"fullName":"PDF Intent Policy resolvePdfIntentPolicy - Policy structure should always return all required policy fields","status":"passed","title":"should always return all required policy fields","duration":0.2792999999999779,"failureMessages":[],"meta":{}},{"ancestorTitles":["PDF Intent Policy","resolvePdfIntentPolicy - Policy structure"],"fullName":"PDF Intent Policy resolvePdfIntentPolicy - Policy structure should have consistent normalize/skipNormalization relationship","status":"passed","title":"should have consistent normalize/skipNormalization relationship","duration":0.19909999999998718,"failureMessages":[],"meta":{}},{"ancestorTitles":["PDF Intent Policy","resolvePdfIntentPolicy - Policy structure"],"fullName":"PDF Intent Policy resolvePdfIntentPolicy - Policy structure should have consistent shouldBlockRaster logic for TEMPLATE_CAPTURE","status":"passed","title":"should have consistent shouldBlockRaster logic for TEMPLATE_CAPTURE","duration":0.13669999999996207,"failureMessages":[],"meta":{}},{"ancestorTitles":["PDF Intent Policy","resolvePdfIntentPolicy - Policy structure"],"fullName":"PDF Intent Policy resolvePdfIntentPolicy - Policy structure should never block raster for SIGNED_PROCESSING or GENERAL_VIEW","status":"passed","title":"should never block raster for SIGNED_PROCESSING or GENERAL_VIEW","duration":0.117999999999995,"failureMessages":[],"meta":{}}],"startTime":1767733175950,"endTime":1767733175956.1992,"status":"passed","message":"","name":"C:/Users/caziep/Downloads/extractor-corev1/extractor-corev1/tests/pdf/intent.test.ts"},{"assertionResults":[{"ancestorTitles":["Filename Validation (Signed/Scan Detection)","Should detect signed PDFs"],"fullName":"Filename Validation (Signed/Scan Detection) Should detect signed PDFs should detect 'signed' in filename","status":"passed","title":"should detect 'signed' in filename","duration":0.9598000000000866,"failureMessages":[],"meta":{}},{"ancestorTitles":["Filename Validation (Signed/Scan Detection)","Should detect signed PDFs"],"fullName":"Filename Validation (Signed/Scan Detection) Should detect signed PDFs should detect 'signoff' in filename","status":"passed","title":"should detect 'signoff' in filename","duration":0.14049999999997453,"failureMessages":[],"meta":{}},{"ancestorTitles":["Filename Validation (Signed/Scan Detection)","Should detect signed PDFs"],"fullName":"Filename Validation (Signed/Scan Detection) Should detect signed PDFs should detect 'sign' in filename","status":"passed","title":"should detect 'sign' in filename","duration":0.10290000000009059,"failureMessages":[],"meta":{}},{"ancestorTitles":["Filename Validation (Signed/Scan Detection)","Should detect signed PDFs"],"fullName":"Filename Validation (Signed/Scan Detection) Should detect signed PDFs should detect 'signature' in filename","status":"passed","title":"should detect 'signature' in filename","duration":0.10569999999984248,"failureMessages":[],"meta":{}},{"ancestorTitles":["Filename Validation (Signed/Scan Detection)","Should detect signed PDFs"],"fullName":"Filename Validation (Signed/Scan Detection) Should detect signed PDFs should detect 'completed' in filename","status":"passed","title":"should detect 'completed' in filename","duration":0.10719999999992069,"failureMessages":[],"meta":{}},{"ancestorTitles":["Filename Validation (Signed/Scan Detection)","Should detect signed PDFs"],"fullName":"Filename Validation (Signed/Scan Detection) Should detect signed PDFs should detect 'final' in filename","status":"passed","title":"should detect 'final' in filename","duration":0.06950000000006185,"failureMessages":[],"meta":{}},{"ancestorTitles":["Filename Validation (Signed/Scan Detection)","Should detect signed PDFs"],"fullName":"Filename Validation (Signed/Scan Detection) Should detect signed PDFs should detect 'executed' in filename","status":"passed","title":"should detect 'executed' in filename","duration":0.06289999999989959,"failureMessages":[],"meta":{}},{"ancestorTitles":["Filename Validation (Signed/Scan Detection)","Should detect signed PDFs"],"fullName":"Filename Validation (Signed/Scan Detection) Should detect signed PDFs should detect 'proof' in filename","status":"passed","title":"should detect 'proof' in filename","duration":0.07999999999992724,"failureMessages":[],"meta":{}},{"ancestorTitles":["Filename Validation (Signed/Scan Detection)","Should detect signed PDFs"],"fullName":"Filename Validation (Signed/Scan Detection) Should detect signed PDFs should detect 'kent' in filename (test files)","status":"passed","title":"should detect 'kent' in filename (test files)","duration":0.08140000000003056,"failureMessages":[],"meta":{}},{"ancestorTitles":["Filename Validation (Signed/Scan Detection)","Should detect scan/photo PDFs"],"fullName":"Filename Validation (Signed/Scan Detection) Should detect scan/photo PDFs should detect 'scan' in filename","status":"passed","title":"should detect 'scan' in filename","duration":0.14010000000007494,"failureMessages":[],"meta":{}},{"ancestorTitles":["Filename Validation (Signed/Scan Detection)","Should detect scan/photo PDFs"],"fullName":"Filename Validation (Signed/Scan Detection) Should detect scan/photo PDFs should detect 'scanned' in filename","status":"passed","title":"should detect 'scanned' in filename","duration":0.10019999999985885,"failureMessages":[],"meta":{}},{"ancestorTitles":["Filename Validation (Signed/Scan Detection)","Should detect scan/photo PDFs"],"fullName":"Filename Validation (Signed/Scan Detection) Should detect scan/photo PDFs should detect 'phone' in filename","status":"passed","title":"should detect 'phone' in filename","duration":0.06270000000017717,"failureMessages":[],"meta":{}},{"ancestorTitles":["Filename Validation (Signed/Scan Detection)","Should detect scan/photo PDFs"],"fullName":"Filename Validation (Signed/Scan Detection) Should detect scan/photo PDFs should detect 'mobile' in filename","status":"passed","title":"should detect 'mobile' in filename","duration":0.05859999999984211,"failureMessages":[],"meta":{}},{"ancestorTitles":["Filename Validation (Signed/Scan Detection)","Should detect scan/photo PDFs"],"fullName":"Filename Validation (Signed/Scan Detection) Should detect scan/photo PDFs should detect 'camera' in filename","status":"passed","title":"should detect 'camera' in filename","duration":0.05150000000003274,"failureMessages":[],"meta":{}},{"ancestorTitles":["Filename Validation (Signed/Scan Detection)","Should detect scan/photo PDFs"],"fullName":"Filename Validation (Signed/Scan Detection) Should detect scan/photo PDFs should detect 'photo' in filename","status":"passed","title":"should detect 'photo' in filename","duration":0.05349999999998545,"failureMessages":[],"meta":{}},{"ancestorTitles":["Filename Validation (Signed/Scan Detection)","Should detect scan/photo PDFs"],"fullName":"Filename Validation (Signed/Scan Detection) Should detect scan/photo PDFs should detect 'image' in filename","status":"passed","title":"should detect 'image' in filename","duration":0.0421000000001186,"failureMessages":[],"meta":{}},{"ancestorTitles":["Filename Validation (Signed/Scan Detection)","Should detect scan/photo PDFs"],"fullName":"Filename Validation (Signed/Scan Detection) Should detect scan/photo PDFs should detect 'picture' in filename","status":"passed","title":"should detect 'picture' in filename","duration":0.049999999999954525,"failureMessages":[],"meta":{}},{"ancestorTitles":["Filename Validation (Signed/Scan Detection)","Should detect scan/photo PDFs"],"fullName":"Filename Validation (Signed/Scan Detection) Should detect scan/photo PDFs should detect 'screenshot' in filename","status":"passed","title":"should detect 'screenshot' in filename","duration":0.04529999999999745,"failureMessages":[],"meta":{}},{"ancestorTitles":["Filename Validation (Signed/Scan Detection)","Should detect scan/photo PDFs"],"fullName":"Filename Validation (Signed/Scan Detection) Should detect scan/photo PDFs should detect 'capture' in filename","status":"passed","title":"should detect 'capture' in filename","duration":0.050700000000006185,"failureMessages":[],"meta":{}},{"ancestorTitles":["Filename Validation (Signed/Scan Detection)","Should detect scan/photo PDFs"],"fullName":"Filename Validation (Signed/Scan Detection) Should detect scan/photo PDFs should detect 'img_' prefix","status":"passed","title":"should detect 'img_' prefix","duration":0.04330000000004475,"failureMessages":[],"meta":{}},{"ancestorTitles":["Filename Validation (Signed/Scan Detection)","Should detect scan/photo PDFs"],"fullName":"Filename Validation (Signed/Scan Detection) Should detect scan/photo PDFs should detect 'dsc' prefix (camera naming)","status":"passed","title":"should detect 'dsc' prefix (camera naming)","duration":0.05509999999981119,"failureMessages":[],"meta":{}},{"ancestorTitles":["Filename Validation (Signed/Scan Detection)","Should detect scan/photo PDFs"],"fullName":"Filename Validation (Signed/Scan Detection) Should detect scan/photo PDFs should detect 'pict' prefix","status":"passed","title":"should detect 'pict' prefix","duration":0.054300000000012005,"failureMessages":[],"meta":{}},{"ancestorTitles":["Filename Validation (Signed/Scan Detection)","Filename normalization"],"fullName":"Filename Validation (Signed/Scan Detection) Filename normalization should normalize spaces to underscores","status":"passed","title":"should normalize spaces to underscores","duration":0.05529999999998836,"failureMessages":[],"meta":{}},{"ancestorTitles":["Filename Validation (Signed/Scan Detection)","Filename normalization"],"fullName":"Filename Validation (Signed/Scan Detection) Filename normalization should normalize to lowercase","status":"passed","title":"should normalize to lowercase","duration":0.045400000000199725,"failureMessages":[],"meta":{}},{"ancestorTitles":["Filename Validation (Signed/Scan Detection)","Filename normalization"],"fullName":"Filename Validation (Signed/Scan Detection) Filename normalization should remove special characters","status":"passed","title":"should remove special characters","duration":0.053599999999960346,"failureMessages":[],"meta":{}},{"ancestorTitles":["Filename Validation (Signed/Scan Detection)","Filename normalization"],"fullName":"Filename Validation (Signed/Scan Detection) Filename normalization should handle mixed case and special chars","status":"passed","title":"should handle mixed case and special chars","duration":0.0421000000001186,"failureMessages":[],"meta":{}},{"ancestorTitles":["Filename Validation (Signed/Scan Detection)","Should accept clean filenames"],"fullName":"Filename Validation (Signed/Scan Detection) Should accept clean filenames should accept standard work order filenames","status":"passed","title":"should accept standard work order filenames","duration":0.06570000000010623,"failureMessages":[],"meta":{}},{"ancestorTitles":["Filename Validation (Signed/Scan Detection)","Should accept clean filenames"],"fullName":"Filename Validation (Signed/Scan Detection) Should accept clean filenames should accept facility management system filenames","status":"passed","title":"should accept facility management system filenames","duration":0.056800000000066575,"failureMessages":[],"meta":{}},{"ancestorTitles":["Filename Validation (Signed/Scan Detection)","Should accept clean filenames"],"fullName":"Filename Validation (Signed/Scan Detection) Should accept clean filenames should accept generic PDF filenames","status":"passed","title":"should accept generic PDF filenames","duration":0.049999999999954525,"failureMessages":[],"meta":{}},{"ancestorTitles":["Filename Validation (Signed/Scan Detection)","Should accept clean filenames"],"fullName":"Filename Validation (Signed/Scan Detection) Should accept clean filenames should accept filenames with numbers only","status":"passed","title":"should accept filenames with numbers only","duration":0.04099999999993997,"failureMessages":[],"meta":{}},{"ancestorTitles":["Filename Validation (Signed/Scan Detection)","Edge cases"],"fullName":"Filename Validation (Signed/Scan Detection) Edge cases should handle empty filename","status":"passed","title":"should handle empty filename","duration":0.037299999999959255,"failureMessages":[],"meta":{}},{"ancestorTitles":["Filename Validation (Signed/Scan Detection)","Edge cases"],"fullName":"Filename Validation (Signed/Scan Detection) Edge cases should handle filename with only extension","status":"passed","title":"should handle filename with only extension","duration":0.03330000000005384,"failureMessages":[],"meta":{}},{"ancestorTitles":["Filename Validation (Signed/Scan Detection)","Edge cases"],"fullName":"Filename Validation (Signed/Scan Detection) Edge cases should handle very long filenames","status":"passed","title":"should handle very long filenames","duration":0.04349999999999454,"failureMessages":[],"meta":{}},{"ancestorTitles":["Filename Validation (Signed/Scan Detection)","Edge cases"],"fullName":"Filename Validation (Signed/Scan Detection) Edge cases should handle multiple indicators (should still detect)","status":"passed","title":"should handle multiple indicators (should still detect)","duration":0.04489999999987049,"failureMessages":[],"meta":{}},{"ancestorTitles":["Filename Validation (Signed/Scan Detection)","Edge cases"],"fullName":"Filename Validation (Signed/Scan Detection) Edge cases should handle partial matches correctly","status":"passed","title":"should handle partial matches correctly","duration":0.04140000000006694,"failureMessages":[],"meta":{}},{"ancestorTitles":["Filename Validation (Signed/Scan Detection)","Edge cases"],"fullName":"Filename Validation (Signed/Scan Detection) Edge cases should handle case-insensitive matching","status":"passed","title":"should handle case-insensitive matching","duration":0.04970000000002983,"failureMessages":[],"meta":{}}],"startTime":1767733176906,"endTime":1767733176909.0657,"status":"passed","message":"","name":"C:/Users/caziep/Downloads/extractor-corev1/extractor-corev1/tests/templates/filenameValidation.test.ts"},{"assertionResults":[{"ancestorTitles":["Page Dimension Validation","Standard page sizes (portrait)"],"fullName":"Page Dimension Validation Standard page sizes (portrait) should accept Letter size (612 x 792)","status":"passed","title":"should accept Letter size (612 x 792)","duration":1.0711999999999762,"failureMessages":[],"meta":{}},{"ancestorTitles":["Page Dimension Validation","Standard page sizes (portrait)"],"fullName":"Page Dimension Validation Standard page sizes (portrait) should accept Letter size with tolerance (607 x 797)","status":"passed","title":"should accept Letter size with tolerance (607 x 797)","duration":0.19029999999997926,"failureMessages":[],"meta":{}},{"ancestorTitles":["Page Dimension Validation","Standard page sizes (portrait)"],"fullName":"Page Dimension Validation Standard page sizes (portrait) should accept A4 size (595.276 x 841.890)","status":"passed","title":"should accept A4 size (595.276 x 841.890)","duration":0.1741000000000099,"failureMessages":[],"meta":{}},{"ancestorTitles":["Page Dimension Validation","Standard page sizes (portrait)"],"fullName":"Page Dimension Validation Standard page sizes (portrait) should accept A4 size with tolerance (590.276 x 836.890)","status":"passed","title":"should accept A4 size with tolerance (590.276 x 836.890)","duration":0.17290000000002692,"failureMessages":[],"meta":{}},{"ancestorTitles":["Page Dimension Validation","Standard page sizes (portrait)"],"fullName":"Page Dimension Validation Standard page sizes (portrait) should accept Legal size (612 x 1008)","status":"passed","title":"should accept Legal size (612 x 1008)","duration":0.16900000000003956,"failureMessages":[],"meta":{}},{"ancestorTitles":["Page Dimension Validation","Standard page sizes (portrait)"],"fullName":"Page Dimension Validation Standard page sizes (portrait) should accept Tabloid size (792 x 1224)","status":"passed","title":"should accept Tabloid size (792 x 1224)","duration":0.13230000000004338,"failureMessages":[],"meta":{}},{"ancestorTitles":["Page Dimension Validation","Standard page sizes (landscape)"],"fullName":"Page Dimension Validation Standard page sizes (landscape) should accept Letter landscape (792 x 612)","status":"passed","title":"should accept Letter landscape (792 x 612)","duration":0.14800000000002456,"failureMessages":[],"meta":{}},{"ancestorTitles":["Page Dimension Validation","Standard page sizes (landscape)"],"fullName":"Page Dimension Validation Standard page sizes (landscape) should accept A4 landscape (841.890 x 595.276)","status":"passed","title":"should accept A4 landscape (841.890 x 595.276)","duration":0.13949999999999818,"failureMessages":[],"meta":{}},{"ancestorTitles":["Page Dimension Validation","Standard page sizes (landscape)"],"fullName":"Page Dimension Validation Standard page sizes (landscape) should accept Legal landscape (1008 x 612)","status":"passed","title":"should accept Legal landscape (1008 x 612)","duration":0.129099999999994,"failureMessages":[],"meta":{}},{"ancestorTitles":["Page Dimension Validation","Standard page sizes (landscape)"],"fullName":"Page Dimension Validation Standard page sizes (landscape) should accept Tabloid landscape (1224 x 792)","status":"passed","title":"should accept Tabloid landscape (1224 x 792)","duration":0.1716000000000122,"failureMessages":[],"meta":{}},{"ancestorTitles":["Page Dimension Validation","Tolerance handling"],"fullName":"Page Dimension Validation Tolerance handling should accept dimensions at exact tolerance boundary (617 x 797 for Letter)","status":"passed","title":"should accept dimensions at exact tolerance boundary (617 x 797 for Letter)","duration":0.12759999999997262,"failureMessages":[],"meta":{}},{"ancestorTitles":["Page Dimension Validation","Tolerance handling"],"fullName":"Page Dimension Validation Tolerance handling should reject dimensions beyond tolerance (618 x 797 for Letter)","status":"passed","title":"should reject dimensions beyond tolerance (618 x 797 for Letter)","duration":0.21120000000001937,"failureMessages":[],"meta":{}},{"ancestorTitles":["Page Dimension Validation","Tolerance handling"],"fullName":"Page Dimension Validation Tolerance handling should accept dimensions at negative tolerance boundary (607 x 787 for Letter)","status":"passed","title":"should accept dimensions at negative tolerance boundary (607 x 787 for Letter)","duration":0.12470000000001846,"failureMessages":[],"meta":{}},{"ancestorTitles":["Page Dimension Validation","Tolerance handling"],"fullName":"Page Dimension Validation Tolerance handling should reject dimensions beyond negative tolerance (606 x 787 for Letter)","status":"passed","title":"should reject dimensions beyond negative tolerance (606 x 787 for Letter)","duration":0.09600000000000364,"failureMessages":[],"meta":{}},{"ancestorTitles":["Page Dimension Validation","Non-standard page sizes (should be rejected)"],"fullName":"Page Dimension Validation Non-standard page sizes (should be rejected) should reject phone photo scan dimensions (2000 x 3000)","status":"passed","title":"should reject phone photo scan dimensions (2000 x 3000)","duration":0.10949999999996862,"failureMessages":[],"meta":{}},{"ancestorTitles":["Page Dimension Validation","Non-standard page sizes (should be rejected)"],"fullName":"Page Dimension Validation Non-standard page sizes (should be rejected) should reject square dimensions (1000 x 1000)","status":"passed","title":"should reject square dimensions (1000 x 1000)","duration":0.09039999999998827,"failureMessages":[],"meta":{}},{"ancestorTitles":["Page Dimension Validation","Non-standard page sizes (should be rejected)"],"fullName":"Page Dimension Validation Non-standard page sizes (should be rejected) should reject very small dimensions (100 x 150)","status":"passed","title":"should reject very small dimensions (100 x 150)","duration":0.09089999999997644,"failureMessages":[],"meta":{}},{"ancestorTitles":["Page Dimension Validation","Non-standard page sizes (should be rejected)"],"fullName":"Page Dimension Validation Non-standard page sizes (should be rejected) should reject unusual aspect ratio (500 x 2000)","status":"passed","title":"should reject unusual aspect ratio (500 x 2000)","duration":0.08279999999996335,"failureMessages":[],"meta":{}},{"ancestorTitles":["Page Dimension Validation","Non-standard page sizes (should be rejected)"],"fullName":"Page Dimension Validation Non-standard page sizes (should be rejected) should reject unusual aspect ratio (2000 x 500)","status":"passed","title":"should reject unusual aspect ratio (2000 x 500)","duration":0.11520000000001573,"failureMessages":[],"meta":{}},{"ancestorTitles":["Page Dimension Validation","Non-standard page sizes (should be rejected)"],"fullName":"Page Dimension Validation Non-standard page sizes (should be rejected) should reject dimensions close to Letter but outside tolerance (620 x 800)","status":"passed","title":"should reject dimensions close to Letter but outside tolerance (620 x 800)","duration":0.08699999999998909,"failureMessages":[],"meta":{}},{"ancestorTitles":["Page Dimension Validation","Non-standard page sizes (should be rejected)"],"fullName":"Page Dimension Validation Non-standard page sizes (should be rejected) should reject dimensions close to A4 but outside tolerance (600 x 850)","status":"passed","title":"should reject dimensions close to A4 but outside tolerance (600 x 850)","duration":0.08780000000001564,"failureMessages":[],"meta":{}},{"ancestorTitles":["Page Dimension Validation","Edge cases"],"fullName":"Page Dimension Validation Edge cases should handle zero dimensions","status":"passed","title":"should handle zero dimensions","duration":0.088799999999992,"failureMessages":[],"meta":{}},{"ancestorTitles":["Page Dimension Validation","Edge cases"],"fullName":"Page Dimension Validation Edge cases should handle negative dimensions","status":"passed","title":"should handle negative dimensions","duration":0.0946999999999889,"failureMessages":[],"meta":{}},{"ancestorTitles":["Page Dimension Validation","Edge cases"],"fullName":"Page Dimension Validation Edge cases should handle very large dimensions","status":"passed","title":"should handle very large dimensions","duration":0.09399999999999409,"failureMessages":[],"meta":{}},{"ancestorTitles":["Page Dimension Validation","Edge cases"],"fullName":"Page Dimension Validation Edge cases should handle decimal precision correctly","status":"passed","title":"should handle decimal precision correctly","duration":0.0988999999999578,"failureMessages":[],"meta":{}},{"ancestorTitles":["Page Dimension Validation","Edge cases"],"fullName":"Page Dimension Validation Edge cases should handle rounded decimals within tolerance","status":"passed","title":"should handle rounded decimals within tolerance","duration":0.08109999999999218,"failureMessages":[],"meta":{}},{"ancestorTitles":["Page Dimension Validation","STANDARD_PAGE_SIZES constant"],"fullName":"Page Dimension Validation STANDARD_PAGE_SIZES constant should export STANDARD_PAGE_SIZES array","status":"passed","title":"should export STANDARD_PAGE_SIZES array","duration":0.1671000000000049,"failureMessages":[],"meta":{}},{"ancestorTitles":["Page Dimension Validation","STANDARD_PAGE_SIZES constant"],"fullName":"Page Dimension Validation STANDARD_PAGE_SIZES constant should have all required properties for each standard size","status":"passed","title":"should have all required properties for each standard size","duration":1.814800000000048,"failureMessages":[],"meta":{}},{"ancestorTitles":["Page Dimension Validation","STANDARD_PAGE_SIZES constant"],"fullName":"Page Dimension Validation STANDARD_PAGE_SIZES constant should include both portrait and landscape orientations","status":"passed","title":"should include both portrait and landscape orientations","duration":0.18950000000000955,"failureMessages":[],"meta":{}},{"ancestorTitles":["Page Dimension Validation","STANDARD_PAGE_SIZES constant"],"fullName":"Page Dimension Validation STANDARD_PAGE_SIZES constant should have landscape versions with swapped width/height","status":"passed","title":"should have landscape versions with swapped width/height","duration":0.22110000000003538,"failureMessages":[],"meta":{}}],"startTime":1767733175931,"endTime":1767733175938.2212,"status":"passed","message":"","name":"C:/Users/caziep/Downloads/extractor-corev1/extractor-corev1/tests/templates/pageDimensions.test.ts"},{"assertionResults":[{"ancestorTitles":["PDF.js page dimension extraction"],"fullName":"PDF.js page dimension extraction should extract dimensions from standard 8.5x11 page (0-based)","status":"passed","title":"should extract dimensions from standard 8.5x11 page (0-based)","duration":1.4479000000000042,"failureMessages":[],"meta":{}},{"ancestorTitles":["PDF.js page dimension extraction"],"fullName":"PDF.js page dimension extraction should extract dimensions from page with non-zero origin","status":"passed","title":"should extract dimensions from page with non-zero origin","duration":0.20879999999999654,"failureMessages":[],"meta":{}},{"ancestorTitles":["PDF.js page dimension extraction"],"fullName":"PDF.js page dimension extraction should extract dimensions from A4 page","status":"passed","title":"should extract dimensions from A4 page","duration":0.1915000000000191,"failureMessages":[],"meta":{}},{"ancestorTitles":["PDF.js page dimension extraction"],"fullName":"PDF.js page dimension extraction should throw error for invalid array length","status":"passed","title":"should throw error for invalid array length","duration":0.6065000000000396,"failureMessages":[],"meta":{}},{"ancestorTitles":["PDF.js page dimension extraction"],"fullName":"PDF.js page dimension extraction should throw error for non-numeric values","status":"passed","title":"should throw error for non-numeric values","duration":0.1845000000000141,"failureMessages":[],"meta":{}},{"ancestorTitles":["PDF.js page dimension extraction"],"fullName":"PDF.js page dimension extraction should throw error for invalid bounds (x1 <= x0)","status":"passed","title":"should throw error for invalid bounds (x1 <= x0)","duration":0.13049999999998363,"failureMessages":[],"meta":{}},{"ancestorTitles":["PDF.js page dimension extraction"],"fullName":"PDF.js page dimension extraction should throw error for invalid bounds (y1 <= y0)","status":"passed","title":"should throw error for invalid bounds (y1 <= y0)","duration":0.1681000000000381,"failureMessages":[],"meta":{}},{"ancestorTitles":["PDF.js page dimension extraction"],"fullName":"PDF.js page dimension extraction should throw error for equal bounds (x1 === x0)","status":"passed","title":"should throw error for equal bounds (x1 === x0)","duration":0.13539999999994734,"failureMessages":[],"meta":{}},{"ancestorTitles":["PDF.js page dimension extraction"],"fullName":"PDF.js page dimension extraction should handle decimal values correctly","status":"passed","title":"should handle decimal values correctly","duration":0.13659999999998718,"failureMessages":[],"meta":{}}],"startTime":1767733175945,"endTime":1767733175948.1846,"status":"passed","message":"","name":"C:/Users/caziep/Downloads/extractor-corev1/extractor-corev1/tests/templates/pdfJsUtils.test.ts"},{"assertionResults":[{"ancestorTitles":["Templates: Points-only enforcement"],"fullName":"Templates: Points-only enforcement should not find xPct/yPct/wPct/hPct in template save routes","status":"passed","title":"should not find xPct/yPct/wPct/hPct in template save routes","duration":1.0357000000000198,"failureMessages":[],"meta":{}},{"ancestorTitles":["Templates: Points-only enforcement"],"fullName":"Templates: Points-only enforcement should require PDF points in template types","status":"passed","title":"should require PDF points in template types","duration":0.5835999999999899,"failureMessages":[],"meta":{}},{"ancestorTitles":["Templates: Points-only enforcement"],"fullName":"Templates: Points-only enforcement should not allow percentage fallback in templateConfig","status":"passed","title":"should not allow percentage fallback in templateConfig","duration":0.31749999999999545,"failureMessages":[],"meta":{}},{"ancestorTitles":["Templates: Points-only enforcement"],"fullName":"Templates: Points-only enforcement should validate PDF points in template save endpoints","status":"passed","title":"should validate PDF points in template save endpoints","duration":0.401800000000037,"failureMessages":[],"meta":{}}],"startTime":1767733175914,"endTime":1767733175916.5835,"status":"passed","message":"","name":"C:/Users/caziep/Downloads/extractor-corev1/extractor-corev1/tests/templates/pointsOnly.test.ts"},{"assertionResults":[{"ancestorTitles":["Template Region Validation"],"fullName":"Template Region Validation should accept valid region with all required PDF points","status":"passed","title":"should accept valid region with all required PDF points","duration":1.2121000000001914,"failureMessages":[],"meta":{}},{"ancestorTitles":["Template Region Validation"],"fullName":"Template Region Validation should reject region with percentage fields","status":"passed","title":"should reject region with percentage fields","duration":0.24420000000009168,"failureMessages":[],"meta":{}},{"ancestorTitles":["Template Region Validation"],"fullName":"Template Region Validation should reject region missing xPt","status":"passed","title":"should reject region missing xPt","duration":0.17489999999997963,"failureMessages":[],"meta":{}},{"ancestorTitles":["Template Region Validation"],"fullName":"Template Region Validation should reject region missing yPt","status":"passed","title":"should reject region missing yPt","duration":0.1456999999998061,"failureMessages":[],"meta":{}},{"ancestorTitles":["Template Region Validation"],"fullName":"Template Region Validation should reject region missing wPt","status":"passed","title":"should reject region missing wPt","duration":0.14170000000012806,"failureMessages":[],"meta":{}},{"ancestorTitles":["Template Region Validation"],"fullName":"Template Region Validation should reject region missing hPt","status":"passed","title":"should reject region missing hPt","duration":0.1170999999999367,"failureMessages":[],"meta":{}},{"ancestorTitles":["Template Region Validation"],"fullName":"Template Region Validation should reject region missing pageWidthPt","status":"passed","title":"should reject region missing pageWidthPt","duration":0.12439999999992324,"failureMessages":[],"meta":{}},{"ancestorTitles":["Template Region Validation"],"fullName":"Template Region Validation should reject region missing pageHeightPt","status":"passed","title":"should reject region missing pageHeightPt","duration":0.14469999999982974,"failureMessages":[],"meta":{}},{"ancestorTitles":["Template Region Validation"],"fullName":"Template Region Validation should reject non-numeric xPt","status":"passed","title":"should reject non-numeric xPt","duration":0.19499999999993634,"failureMessages":[],"meta":{}},{"ancestorTitles":["Template Region Validation"],"fullName":"Template Region Validation should reject non-finite values","status":"passed","title":"should reject non-finite values","duration":0.18519999999989523,"failureMessages":[],"meta":{}},{"ancestorTitles":["Template Region Validation"],"fullName":"Template Region Validation should reject NaN values","status":"passed","title":"should reject NaN values","duration":0.11220000000002983,"failureMessages":[],"meta":{}},{"ancestorTitles":["Template Region Validation"],"fullName":"Template Region Validation should reject negative page dimensions","status":"passed","title":"should reject negative page dimensions","duration":0.0910999999998694,"failureMessages":[],"meta":{}},{"ancestorTitles":["Template Region Validation"],"fullName":"Template Region Validation should reject zero page dimensions","status":"passed","title":"should reject zero page dimensions","duration":0.0809999999999036,"failureMessages":[],"meta":{}},{"ancestorTitles":["Template Region Validation"],"fullName":"Template Region Validation should reject negative or zero region dimensions","status":"passed","title":"should reject negative or zero region dimensions","duration":0.12170000000014625,"failureMessages":[],"meta":{}},{"ancestorTitles":["Template Region Validation"],"fullName":"Template Region Validation should reject region extending beyond page bounds (x + w > pageWidth)","status":"passed","title":"should reject region extending beyond page bounds (x + w > pageWidth)","duration":0.07699999999999818,"failureMessages":[],"meta":{}},{"ancestorTitles":["Template Region Validation"],"fullName":"Template Region Validation should reject region extending beyond page bounds (y + h > pageHeight)","status":"passed","title":"should reject region extending beyond page bounds (y + h > pageHeight)","duration":0.08699999999998909,"failureMessages":[],"meta":{}},{"ancestorTitles":["Template Region Validation"],"fullName":"Template Region Validation should reject negative xPt","status":"passed","title":"should reject negative xPt","duration":0.0787000000000262,"failureMessages":[],"meta":{}},{"ancestorTitles":["Template Region Validation"],"fullName":"Template Region Validation should reject negative yPt","status":"passed","title":"should reject negative yPt","duration":0.09209999999984575,"failureMessages":[],"meta":{}},{"ancestorTitles":["Template Region Validation"],"fullName":"Template Region Validation should accept region at page edge (x + w = pageWidth)","status":"passed","title":"should accept region at page edge (x + w = pageWidth)","duration":0.08760000000006585,"failureMessages":[],"meta":{}},{"ancestorTitles":["Template Region Validation"],"fullName":"Template Region Validation should accept region at page edge (y + h = pageHeight)","status":"passed","title":"should accept region at page edge (y + h = pageHeight)","duration":0.0808999999999287,"failureMessages":[],"meta":{}},{"ancestorTitles":["Template Region Normalization"],"fullName":"Template Region Normalization should normalize valid region and round to 2 decimal places","status":"passed","title":"should normalize valid region and round to 2 decimal places","duration":0.26120000000014443,"failureMessages":[],"meta":{}},{"ancestorTitles":["Template Region Normalization"],"fullName":"Template Region Normalization should preserve boundsPt if provided","status":"passed","title":"should preserve boundsPt if provided","duration":0.4514000000001488,"failureMessages":[],"meta":{}},{"ancestorTitles":["Template Region Normalization"],"fullName":"Template Region Normalization should throw if region is invalid before normalization","status":"passed","title":"should throw if region is invalid before normalization","duration":0.11130000000002838,"failureMessages":[],"meta":{}},{"ancestorTitles":["Template Region Normalization"],"fullName":"Template Region Normalization should produce TemplateRegion type","status":"passed","title":"should produce TemplateRegion type","duration":0.1734999999998763,"failureMessages":[],"meta":{}},{"ancestorTitles":["Coordinate System Normalization"],"fullName":"Coordinate System Normalization should normalize undefined to PDF_POINTS_TOP_LEFT","status":"passed","title":"should normalize undefined to PDF_POINTS_TOP_LEFT","duration":0.05899999999996908,"failureMessages":[],"meta":{}},{"ancestorTitles":["Coordinate System Normalization"],"fullName":"Coordinate System Normalization should normalize PDF_POINTS to PDF_POINTS_TOP_LEFT","status":"passed","title":"should normalize PDF_POINTS to PDF_POINTS_TOP_LEFT","duration":0.0364999999999327,"failureMessages":[],"meta":{}},{"ancestorTitles":["Coordinate System Normalization"],"fullName":"Coordinate System Normalization should keep PDF_POINTS_TOP_LEFT as-is","status":"passed","title":"should keep PDF_POINTS_TOP_LEFT as-is","duration":0.036800000000084765,"failureMessages":[],"meta":{}},{"ancestorTitles":["Coordinate System Normalization"],"fullName":"Coordinate System Normalization should handle empty string as undefined","status":"passed","title":"should handle empty string as undefined","duration":0.03089999999997417,"failureMessages":[],"meta":{}},{"ancestorTitles":["Template Region Type Guard"],"fullName":"Template Region Type Guard should return true for valid TemplateRegion","status":"passed","title":"should return true for valid TemplateRegion","duration":0.14779999999996107,"failureMessages":[],"meta":{}},{"ancestorTitles":["Template Region Type Guard"],"fullName":"Template Region Type Guard should return false for null","status":"passed","title":"should return false for null","duration":0.03230000000007749,"failureMessages":[],"meta":{}},{"ancestorTitles":["Template Region Type Guard"],"fullName":"Template Region Type Guard should return false for undefined","status":"passed","title":"should return false for undefined","duration":0.03989999999998872,"failureMessages":[],"meta":{}},{"ancestorTitles":["Template Region Type Guard"],"fullName":"Template Region Type Guard should return false for non-object","status":"passed","title":"should return false for non-object","duration":0.053200000000060754,"failureMessages":[],"meta":{}},{"ancestorTitles":["Template Region Type Guard"],"fullName":"Template Region Type Guard should return false for object missing xPt","status":"passed","title":"should return false for object missing xPt","duration":0.047000000000025466,"failureMessages":[],"meta":{}},{"ancestorTitles":["Template Region Type Guard"],"fullName":"Template Region Type Guard should return false for object with non-numeric xPt","status":"passed","title":"should return false for object with non-numeric xPt","duration":0.07579999999984466,"failureMessages":[],"meta":{}},{"ancestorTitles":["Template Region Type Guard"],"fullName":"Template Region Type Guard should return false for object with Infinity","status":"passed","title":"should return false for object with Infinity","duration":0.07109999999988759,"failureMessages":[],"meta":{}},{"ancestorTitles":["Template Region Type Guard"],"fullName":"Template Region Type Guard should return false for object with negative wPt","status":"passed","title":"should return false for object with negative wPt","duration":0.049100000000180444,"failureMessages":[],"meta":{}},{"ancestorTitles":["Template Region Type Guard"],"fullName":"Template Region Type Guard should return false for object with zero wPt","status":"passed","title":"should return false for object with zero wPt","duration":0.03670000000010987,"failureMessages":[],"meta":{}},{"ancestorTitles":["Template Region Type Guard"],"fullName":"Template Region Type Guard should return false for object with region extending beyond page","status":"passed","title":"should return false for object with region extending beyond page","duration":0.03520000000003165,"failureMessages":[],"meta":{}},{"ancestorTitles":["Template Region Type Guard"],"fullName":"Template Region Type Guard should return false for object with negative xPt","status":"passed","title":"should return false for object with negative xPt","duration":0.03660000000013497,"failureMessages":[],"meta":{}},{"ancestorTitles":["Template Region Type Guard"],"fullName":"Template Region Type Guard should return true for region at page edge","status":"passed","title":"should return true for region at page edge","duration":0.03880000000003747,"failureMessages":[],"meta":{}}],"startTime":1767733176905,"endTime":1767733176911.1477,"status":"passed","message":"","name":"C:/Users/caziep/Downloads/extractor-corev1/extractor-corev1/tests/templates/regions.test.ts"},{"assertionResults":[{"ancestorTitles":["Process Access Layer - Index Exports"],"fullName":"Process Access Layer - Index Exports should export renderPdfPage","status":"passed","title":"should export renderPdfPage","duration":0.825800000000072,"failureMessages":[],"meta":{}},{"ancestorTitles":["Process Access Layer - Index Exports"],"fullName":"Process Access Layer - Index Exports should export detectRasterOnlyPdf","status":"passed","title":"should export detectRasterOnlyPdf","duration":0.1516999999998916,"failureMessages":[],"meta":{}},{"ancestorTitles":["Process Access Layer - Index Exports"],"fullName":"Process Access Layer - Index Exports should export ocrWorkOrderNumberFromUpload","status":"passed","title":"should export ocrWorkOrderNumberFromUpload","duration":0.0987999999999829,"failureMessages":[],"meta":{}},{"ancestorTitles":["Process Access Layer - Index Exports"],"fullName":"Process Access Layer - Index Exports should export processSignedPdf","status":"passed","title":"should export processSignedPdf","duration":0.09580000000005384,"failureMessages":[],"meta":{}},{"ancestorTitles":["Process Access Layer - Index Exports"],"fullName":"Process Access Layer - Index Exports should export processWorkOrdersFromGmail","status":"passed","title":"should export processWorkOrdersFromGmail","duration":0.09230000000002292,"failureMessages":[],"meta":{}},{"ancestorTitles":["Process Access Layer - Index Exports"],"fullName":"Process Access Layer - Index Exports should export types","status":"passed","title":"should export types","duration":0.0967000000000553,"failureMessages":[],"meta":{}}],"startTime":1767733176988,"endTime":1767733176990.0989,"status":"passed","message":"","name":"C:/Users/caziep/Downloads/extractor-corev1/extractor-corev1/tests/process/index.test.ts"},{"assertionResults":[{"ancestorTitles":["Process Access Layer - PDF Operations","renderPdfPage"],"fullName":"Process Access Layer - PDF Operations renderPdfPage should render PDF page with TEMPLATE_CAPTURE intent and block raster","status":"passed","title":"should render PDF page with TEMPLATE_CAPTURE intent and block raster","duration":3.1258000000000266,"failureMessages":[],"meta":{}},{"ancestorTitles":["Process Access Layer - PDF Operations","renderPdfPage"],"fullName":"Process Access Layer - PDF Operations renderPdfPage should render PDF page with TEMPLATE_CAPTURE intent and allow raster when allowRaster=true","status":"passed","title":"should render PDF page with TEMPLATE_CAPTURE intent and allow raster when allowRaster=true","duration":0.723700000000008,"failureMessages":[],"meta":{}},{"ancestorTitles":["Process Access Layer - PDF Operations","renderPdfPage"],"fullName":"Process Access Layer - PDF Operations renderPdfPage should normalize PDF when intent is SIGNED_PROCESSING","status":"passed","title":"should normalize PDF when intent is SIGNED_PROCESSING","duration":0.8994999999999891,"failureMessages":[],"meta":{}},{"ancestorTitles":["Process Access Layer - PDF Operations","detectRasterOnlyPdf"],"fullName":"Process Access Layer - PDF Operations detectRasterOnlyPdf should detect raster-only PDF","status":"passed","title":"should detect raster-only PDF","duration":0.6330000000000382,"failureMessages":[],"meta":{}},{"ancestorTitles":["Process Access Layer - PDF Operations","detectRasterOnlyPdf"],"fullName":"Process Access Layer - PDF Operations detectRasterOnlyPdf should detect non-raster PDF","status":"passed","title":"should detect non-raster PDF","duration":0.42079999999998563,"failureMessages":[],"meta":{}}],"startTime":1767733176045,"endTime":1767733176051.421,"status":"passed","message":"","name":"C:/Users/caziep/Downloads/extractor-corev1/extractor-corev1/tests/process/pdf.test.ts"},{"assertionResults":[{"ancestorTitles":["processSignedPdfUnified","Input validation"],"fullName":"processSignedPdfUnified Input validation should throw if pdfBytes is empty","status":"passed","title":"should throw if pdfBytes is empty","duration":1.982599999999934,"failureMessages":[],"meta":{}},{"ancestorTitles":["processSignedPdfUnified","Input validation"],"fullName":"processSignedPdfUnified Input validation should throw if fmKey is missing","status":"passed","title":"should throw if fmKey is missing","duration":0.2884999999999991,"failureMessages":[],"meta":{}},{"ancestorTitles":["processSignedPdfUnified","Input validation"],"fullName":"processSignedPdfUnified Input validation should throw if spreadsheetId is missing","status":"passed","title":"should throw if spreadsheetId is missing","duration":0.18910000000005311,"failureMessages":[],"meta":{}},{"ancestorTitles":["processSignedPdfUnified","Input validation"],"fullName":"processSignedPdfUnified Input validation should throw if accessToken is missing","status":"passed","title":"should throw if accessToken is missing","duration":0.21330000000000382,"failureMessages":[],"meta":{}},{"ancestorTitles":["processSignedPdfUnified","Input validation"],"fullName":"processSignedPdfUnified Input validation should throw if page is less than 1","status":"passed","title":"should throw if page is less than 1","duration":0.20270000000004984,"failureMessages":[],"meta":{}},{"ancestorTitles":["processSignedPdfUnified","Input validation"],"fullName":"processSignedPdfUnified Input validation should accept Uint8Array as pdfBytes","status":"passed","title":"should accept Uint8Array as pdfBytes","duration":2.046799999999962,"failureMessages":[],"meta":{}},{"ancestorTitles":["processSignedPdfUnified","Template loading"],"fullName":"processSignedPdfUnified Template loading should load template config for fmKey","status":"passed","title":"should load template config for fmKey","duration":1.147199999999998,"failureMessages":[],"meta":{}},{"ancestorTitles":["processSignedPdfUnified","Template loading"],"fullName":"processSignedPdfUnified Template loading should throw if template is not configured","status":"passed","title":"should throw if template is not configured","duration":0.43619999999998527,"failureMessages":[],"meta":{}},{"ancestorTitles":["processSignedPdfUnified","Template loading"],"fullName":"processSignedPdfUnified Template loading should throw if template is missing PDF points","status":"passed","title":"should throw if template is missing PDF points","duration":0.3529999999999518,"failureMessages":[],"meta":{}},{"ancestorTitles":["processSignedPdfUnified","OCR service integration"],"fullName":"processSignedPdfUnified OCR service integration should call OCR service with correct parameters","status":"passed","title":"should call OCR service with correct parameters","duration":1.220299999999952,"failureMessages":[],"meta":{}},{"ancestorTitles":["processSignedPdfUnified","Decision logic"],"fullName":"processSignedPdfUnified Decision logic should set needsReview=false for high confidence with work order number that exists in Sheet1","status":"passed","title":"should set needsReview=false for high confidence with work order number that exists in Sheet1","duration":0.5425999999999931,"failureMessages":[],"meta":{}},{"ancestorTitles":["processSignedPdfUnified","Decision logic"],"fullName":"processSignedPdfUnified Decision logic should set needsReview=false for medium confidence with work order number that exists in Work_Orders","status":"passed","title":"should set needsReview=false for medium confidence with work order number that exists in Work_Orders","duration":0.35190000000000055,"failureMessages":[],"meta":{}},{"ancestorTitles":["processSignedPdfUnified","Decision logic"],"fullName":"processSignedPdfUnified Decision logic should set needsReview=true for low confidence and not upload PDF","status":"passed","title":"should set needsReview=true for low confidence and not upload PDF","duration":0.6546999999999343,"failureMessages":[],"meta":{}},{"ancestorTitles":["processSignedPdfUnified","Decision logic"],"fullName":"processSignedPdfUnified Decision logic should set needsReview=true when no work order number extracted and not upload PDF","status":"passed","title":"should set needsReview=true when no work order number extracted and not upload PDF","duration":0.5036000000000058,"failureMessages":[],"meta":{}},{"ancestorTitles":["processSignedPdfUnified","Decision logic"],"fullName":"processSignedPdfUnified Decision logic should override work order number but set needsReview=true if work order doesn't exist","status":"passed","title":"should override work order number but set needsReview=true if work order doesn't exist","duration":0.45870000000002165,"failureMessages":[],"meta":{}},{"ancestorTitles":["processSignedPdfUnified","Decision logic"],"fullName":"processSignedPdfUnified Decision logic should set needsReview=true when work order doesn't exist in Sheet1 or Work_Orders","status":"passed","title":"should set needsReview=true when work order doesn't exist in Sheet1 or Work_Orders","duration":0.4411999999999807,"failureMessages":[],"meta":{}},{"ancestorTitles":["processSignedPdfUnified","Sheets writing"],"fullName":"processSignedPdfUnified Sheets writing should write to Needs Review sheet when needsReview=true and not upload PDF","status":"passed","title":"should write to Needs Review sheet when needsReview=true and not upload PDF","duration":1.5742999999999938,"failureMessages":[],"meta":{}},{"ancestorTitles":["processSignedPdfUnified","Sheets writing"],"fullName":"processSignedPdfUnified Sheets writing should write to Work Orders sheet when needsReview=false and work order exists","status":"passed","title":"should write to Work Orders sheet when needsReview=false and work order exists","duration":0.7264999999999873,"failureMessages":[],"meta":{}},{"ancestorTitles":["processSignedPdfUnified","Sheets writing"],"fullName":"processSignedPdfUnified Sheets writing should update Sheet1 when work order exists in Sheet1","status":"passed","title":"should update Sheet1 when work order exists in Sheet1","duration":0.675200000000018,"failureMessages":[],"meta":{}},{"ancestorTitles":["processSignedPdfUnified","Drive upload"],"fullName":"processSignedPdfUnified Drive upload should upload PDF to Drive only when work order exists","status":"passed","title":"should upload PDF to Drive only when work order exists","duration":0.776299999999992,"failureMessages":[],"meta":{}},{"ancestorTitles":["processSignedPdfUnified","Drive upload"],"fullName":"processSignedPdfUnified Drive upload should NOT upload PDF to Drive when work order doesn't exist","status":"passed","title":"should NOT upload PDF to Drive when work order doesn't exist","duration":0.49939999999992324,"failureMessages":[],"meta":{}},{"ancestorTitles":["processSignedPdfUnified","Drive upload"],"fullName":"processSignedPdfUnified Drive upload should upload snippet image if available and work order exists","status":"passed","title":"should upload snippet image if available and work order exists","duration":1.2812000000000126,"failureMessages":[],"meta":{}},{"ancestorTitles":["processSignedPdfUnified","Drive upload"],"fullName":"processSignedPdfUnified Drive upload should handle snippet upload failure gracefully when work order exists","status":"passed","title":"should handle snippet upload failure gracefully when work order exists","duration":2.63169999999991,"failureMessages":[],"meta":{}},{"ancestorTitles":["processSignedPdfUnified","Result format"],"fullName":"processSignedPdfUnified Result format should return correct result structure when work order exists","status":"passed","title":"should return correct result structure when work order exists","duration":1.1361000000000558,"failureMessages":[],"meta":{}},{"ancestorTitles":["processSignedPdfUnified","Gmail source metadata"],"fullName":"processSignedPdfUnified Gmail source metadata should include Gmail metadata in Needs Review record and not upload PDF","status":"passed","title":"should include Gmail metadata in Needs Review record and not upload PDF","duration":0.4918999999999869,"failureMessages":[],"meta":{}}],"startTime":1767733176057,"endTime":1767733176078.492,"status":"passed","message":"","name":"C:/Users/caziep/Downloads/extractor-corev1/extractor-corev1/tests/signed/processor.test.ts"},{"assertionResults":[{"ancestorTitles":["signed processing preconditions","assertPointsCrop"],"fullName":"signed processing preconditions assertPointsCrop passes when all required fields are present and valid","status":"passed","title":"passes when all required fields are present and valid","duration":1.8192999999999984,"failureMessages":[],"meta":{}},{"ancestorTitles":["signed processing preconditions","assertPointsCrop"],"fullName":"signed processing preconditions assertPointsCrop throws when points object is missing","status":"passed","title":"throws when points object is missing","duration":0.43020000000001346,"failureMessages":[],"meta":{}},{"ancestorTitles":["signed processing preconditions","assertPointsCrop"],"fullName":"signed processing preconditions assertPointsCrop throws when xPt is missing","status":"passed","title":"throws when xPt is missing","duration":0.25490000000002055,"failureMessages":[],"meta":{}},{"ancestorTitles":["signed processing preconditions","assertPointsCrop"],"fullName":"signed processing preconditions assertPointsCrop throws when yPt is missing","status":"passed","title":"throws when yPt is missing","duration":0.28880000000003747,"failureMessages":[],"meta":{}},{"ancestorTitles":["signed processing preconditions","assertPointsCrop"],"fullName":"signed processing preconditions assertPointsCrop throws when wPt is missing","status":"passed","title":"throws when wPt is missing","duration":0.2541999999999689,"failureMessages":[],"meta":{}},{"ancestorTitles":["signed processing preconditions","assertPointsCrop"],"fullName":"signed processing preconditions assertPointsCrop throws when hPt is missing","status":"passed","title":"throws when hPt is missing","duration":0.20800000000002683,"failureMessages":[],"meta":{}},{"ancestorTitles":["signed processing preconditions","assertPointsCrop"],"fullName":"signed processing preconditions assertPointsCrop throws when pageWidthPt is missing","status":"passed","title":"throws when pageWidthPt is missing","duration":0.20409999999998263,"failureMessages":[],"meta":{}},{"ancestorTitles":["signed processing preconditions","assertPointsCrop"],"fullName":"signed processing preconditions assertPointsCrop throws when pageHeightPt is missing","status":"passed","title":"throws when pageHeightPt is missing","duration":0.18889999999998963,"failureMessages":[],"meta":{}},{"ancestorTitles":["signed processing preconditions","assertPointsCrop"],"fullName":"signed processing preconditions assertPointsCrop throws when page is missing","status":"passed","title":"throws when page is missing","duration":0.2259999999999991,"failureMessages":[],"meta":{}},{"ancestorTitles":["signed processing preconditions","assertPointsCrop"],"fullName":"signed processing preconditions assertPointsCrop throws when wPt is zero or negative","status":"passed","title":"throws when wPt is zero or negative","duration":0.17989999999997508,"failureMessages":[],"meta":{}},{"ancestorTitles":["signed processing preconditions","assertPointsCrop"],"fullName":"signed processing preconditions assertPointsCrop throws when hPt is zero or negative","status":"passed","title":"throws when hPt is zero or negative","duration":0.12009999999997945,"failureMessages":[],"meta":{}},{"ancestorTitles":["signed processing preconditions","assertPointsCrop"],"fullName":"signed processing preconditions assertPointsCrop throws when pageWidthPt is zero or negative","status":"passed","title":"throws when pageWidthPt is zero or negative","duration":0.09309999999999263,"failureMessages":[],"meta":{}},{"ancestorTitles":["signed processing preconditions","assertPointsCrop"],"fullName":"signed processing preconditions assertPointsCrop throws when pageHeightPt is zero or negative","status":"passed","title":"throws when pageHeightPt is zero or negative","duration":0.09260000000000446,"failureMessages":[],"meta":{}},{"ancestorTitles":["signed processing preconditions","assertPointsCrop"],"fullName":"signed processing preconditions assertPointsCrop throws when page is less than 1","status":"passed","title":"throws when page is less than 1","duration":0.08689999999995734,"failureMessages":[],"meta":{}},{"ancestorTitles":["signed processing preconditions","assertPointsCrop"],"fullName":"signed processing preconditions assertPointsCrop throws when any value is not finite","status":"passed","title":"throws when any value is not finite","duration":0.09230000000002292,"failureMessages":[],"meta":{}},{"ancestorTitles":["signed processing preconditions","assertPointsCrop"],"fullName":"signed processing preconditions assertPointsCrop throws when any value is NaN","status":"passed","title":"throws when any value is NaN","duration":0.08539999999999281,"failureMessages":[],"meta":{}}],"startTime":1767733175905,"endTime":1767733175910.0923,"status":"passed","message":"","name":"C:/Users/caziep/Downloads/extractor-corev1/extractor-corev1/tests/signed/signedPreconditions.test.ts"},{"assertionResults":[{"ancestorTitles":["workspace resolution order"],"fullName":"workspace resolution order returns null when user is not authenticated","status":"passed","title":"returns null when user is not authenticated","duration":182.77929999999998,"failureMessages":[],"meta":{}},{"ancestorTitles":["workspace resolution order"],"fullName":"workspace resolution order prefers cookie spreadsheetId over Users sheet when cookie exists","status":"passed","title":"prefers cookie spreadsheetId over Users sheet when cookie exists","duration":1.7597999999999274,"failureMessages":[],"meta":{}},{"ancestorTitles":["workspace resolution order"],"fullName":"workspace resolution order falls back to Users sheet when cookie is missing","status":"passed","title":"falls back to Users sheet when cookie is missing","duration":0.5454999999999472,"failureMessages":[],"meta":{}},{"ancestorTitles":["workspace resolution order"],"fullName":"workspace resolution order returns null (not undefined) when neither cookie nor Users sheet exists","status":"passed","title":"returns null (not undefined) when neither cookie nor Users sheet exists","duration":1.1403000000000247,"failureMessages":[],"meta":{}},{"ancestorTitles":["workspace resolution order"],"fullName":"workspace resolution order returns null when Users sheet exists but onboarding not completed","status":"passed","title":"returns null when Users sheet exists but onboarding not completed","duration":0.37829999999996744,"failureMessages":[],"meta":{}}],"startTime":1767733175843,"endTime":1767733176029.3784,"status":"passed","message":"","name":"C:/Users/caziep/Downloads/extractor-corev1/extractor-corev1/tests/workspace/getWorkspace.test.ts"}]}